0 verbose cli C:\Program Files\nodejs\node.exe C:\Users\rasha\AppData\Roaming\npm\node_modules\npm\bin\npm-cli.js
1 info using npm@11.7.0
2 info using node@v22.17.0
3 silly config load:file:C:\Users\rasha\AppData\Roaming\npm\node_modules\npm\npmrc
4 silly config load:file:C:\Users\rasha\OneDrive\Documents\go ride 2\frontend\.npmrc
5 silly config load:file:C:\Users\rasha\.npmrc
6 silly config load:file:C:\Users\rasha\AppData\Roaming\npm\etc\npmrc
7 verbose title npm install
8 verbose argv "install" "--cache" ".npm-cache"
9 verbose logfile logs-max:10 dir:C:\Users\rasha\OneDrive\Documents\go ride 2\frontend\.npm-cache\_logs\2026-04-02T15_17_54_293Z-
10 verbose logfile C:\Users\rasha\OneDrive\Documents\go ride 2\frontend\.npm-cache\_logs\2026-04-02T15_17_54_293Z-debug-0.log
11 silly logfile done cleaning log files
12 silly packumentCache heap:2197815296 maxSize:549453824 maxEntrySize:274726912
13 silly idealTree buildDeps
14 silly fetch manifest mongoose@^9.2.2
15 silly packumentCache full:https://registry.npmjs.org/mongoose cache-miss
16 http fetch GET 200 https://registry.npmjs.org/mongoose 601ms (cache revalidated)
17 silly packumentCache full:https://registry.npmjs.org/mongoose set size:4106028 disposed:false
18 silly placeDep ROOT mongoose@9.3.3 OK for: my-next-app@0.1.0 want: ^9.2.2
19 silly fetch manifest kareem@3.2.0
20 silly packumentCache full:https://registry.npmjs.org/kareem cache-miss
21 silly fetch manifest mongodb@~7.1
22 silly packumentCache full:https://registry.npmjs.org/mongodb cache-miss
23 silly fetch manifest mpath@0.9.0
24 silly packumentCache full:https://registry.npmjs.org/mpath cache-miss
25 silly fetch manifest mquery@6.0.0
26 silly packumentCache full:https://registry.npmjs.org/mquery cache-miss
27 silly fetch manifest sift@17.1.3
28 silly packumentCache full:https://registry.npmjs.org/sift cache-miss
29 http fetch GET 200 https://registry.npmjs.org/mquery 393ms (cache revalidated)
30 silly packumentCache full:https://registry.npmjs.org/mquery set size:172977 disposed:false
31 http fetch GET 200 https://registry.npmjs.org/kareem 400ms (cache revalidated)
32 silly packumentCache full:https://registry.npmjs.org/kareem set size:116338 disposed:false
33 http fetch GET 200 https://registry.npmjs.org/mpath 571ms (cache revalidated)
34 silly packumentCache full:https://registry.npmjs.org/mpath set size:50832 disposed:false
35 http fetch GET 200 https://registry.npmjs.org/mongodb 1050ms (cache updated)
36 silly packumentCache full:https://registry.npmjs.org/mongodb set size:undefined disposed:false
37 http fetch GET 200 https://registry.npmjs.org/sift 1206ms (cache revalidated)
38 silly packumentCache full:https://registry.npmjs.org/sift set size:398463 disposed:false
39 silly fetch manifest @aws-sdk/credential-providers@^3.806.0
40 silly packumentCache full:https://registry.npmjs.org/@aws-sdk%2fcredential-providers cache-miss
41 http fetch GET 200 https://registry.npmjs.org/@aws-sdk%2fcredential-providers 1740ms (cache updated)
42 silly packumentCache full:https://registry.npmjs.org/@aws-sdk%2fcredential-providers set size:undefined disposed:false
43 silly fetch manifest @mongodb-js/zstd@^7.0.0
44 silly packumentCache full:https://registry.npmjs.org/@mongodb-js%2fzstd cache-miss
45 http fetch GET 200 https://registry.npmjs.org/@mongodb-js%2fzstd 2372ms (cache revalidated)
46 silly packumentCache full:https://registry.npmjs.org/@mongodb-js%2fzstd set size:99219 disposed:false
47 silly fetch manifest gcp-metadata@^7.0.1
48 silly packumentCache full:https://registry.npmjs.org/gcp-metadata cache-miss
49 http fetch GET 200 https://registry.npmjs.org/gcp-metadata 330ms (cache revalidated)
50 silly packumentCache full:https://registry.npmjs.org/gcp-metadata set size:191448 disposed:false
51 silly fetch manifest kerberos@^7.0.0
52 silly packumentCache full:https://registry.npmjs.org/kerberos cache-miss
53 http fetch GET 200 https://registry.npmjs.org/kerberos 1142ms (cache revalidated)
54 silly packumentCache full:https://registry.npmjs.org/kerberos set size:117537 disposed:false
55 silly fetch manifest mongodb-client-encryption@>=7.0.0 <7.1.0
56 silly packumentCache full:https://registry.npmjs.org/mongodb-client-encryption cache-miss
57 http fetch GET 200 https://registry.npmjs.org/mongodb-client-encryption 489ms (cache revalidated)
58 silly packumentCache full:https://registry.npmjs.org/mongodb-client-encryption set size:262386 disposed:false
59 silly fetch manifest snappy@^7.3.2
60 silly packumentCache full:https://registry.npmjs.org/snappy cache-miss
61 http fetch GET 200 https://registry.npmjs.org/snappy 347ms (cache revalidated)
62 silly packumentCache full:https://registry.npmjs.org/snappy set size:185121 disposed:false
63 silly fetch manifest socks@^2.8.6
64 silly packumentCache full:https://registry.npmjs.org/socks cache-miss
65 http fetch GET 200 https://registry.npmjs.org/socks 1375ms (cache revalidated)
66 silly packumentCache full:https://registry.npmjs.org/socks set size:168523 disposed:false
67 silly placeDep ROOT kareem@3.2.0 OK for: mongoose@9.3.3 want: 3.2.0
68 silly placeDep ROOT mongodb@7.1.1 OK for: mongoose@9.3.3 want: ~7.1
69 silly placeDep ROOT mpath@0.9.0 OK for: mongoose@9.3.3 want: 0.9.0
70 silly placeDep ROOT mquery@6.0.0 OK for: mongoose@9.3.3 want: 6.0.0
71 silly placeDep ROOT sift@17.1.3 OK for: mongoose@9.3.3 want: 17.1.3
72 silly fetch manifest bson@^7.1.1
73 silly packumentCache full:https://registry.npmjs.org/bson cache-miss
74 silly fetch manifest @mongodb-js/saslprep@^1.3.0
75 silly packumentCache full:https://registry.npmjs.org/@mongodb-js%2fsaslprep cache-miss
76 silly fetch manifest mongodb-connection-string-url@^7.0.0
77 silly packumentCache full:https://registry.npmjs.org/mongodb-connection-string-url cache-miss
78 http fetch GET 200 https://registry.npmjs.org/mongodb-connection-string-url 455ms (cache revalidated)
79 silly packumentCache full:https://registry.npmjs.org/mongodb-connection-string-url set size:127890 disposed:false
80 http fetch GET 200 https://registry.npmjs.org/bson 627ms (cache revalidated)
81 silly packumentCache full:https://registry.npmjs.org/bson set size:580424 disposed:false
82 http fetch GET 200 https://registry.npmjs.org/@mongodb-js%2fsaslprep 840ms (cache revalidated)
83 silly packumentCache full:https://registry.npmjs.org/@mongodb-js%2fsaslprep set size:96350 disposed:false
84 silly placeDep ROOT @mongodb-js/saslprep@1.4.6 OK for: mongodb@7.1.1 want: ^1.3.0
85 silly placeDep ROOT bson@7.2.0 OK for: mongodb@7.1.1 want: ^7.1.1
86 silly placeDep ROOT mongodb-connection-string-url@7.0.1 OK for: mongodb@7.1.1 want: ^7.0.0
87 silly fetch manifest sparse-bitfield@^3.0.3
88 silly packumentCache full:https://registry.npmjs.org/sparse-bitfield cache-miss
89 silly fetch manifest whatwg-url@^14.1.0
90 silly packumentCache full:https://registry.npmjs.org/whatwg-url cache-miss
91 silly fetch manifest @types/whatwg-url@^13.0.0
92 silly packumentCache full:https://registry.npmjs.org/@types%2fwhatwg-url cache-miss
93 http fetch GET 200 https://registry.npmjs.org/whatwg-url 101ms (cache revalidated)
94 silly packumentCache full:https://registry.npmjs.org/whatwg-url set size:170765 disposed:false
95 http fetch GET 200 https://registry.npmjs.org/sparse-bitfield 435ms (cache revalidated)
96 silly packumentCache full:https://registry.npmjs.org/sparse-bitfield set size:18366 disposed:false
97 http fetch GET 200 https://registry.npmjs.org/@types%2fwhatwg-url 678ms (cache revalidated)
98 silly packumentCache full:https://registry.npmjs.org/@types%2fwhatwg-url set size:25750 disposed:false
99 silly placeDep ROOT sparse-bitfield@3.0.3 OK for: @mongodb-js/saslprep@1.4.6 want: ^3.0.3
100 silly fetch manifest memory-pager@^1.0.2
101 silly packumentCache full:https://registry.npmjs.org/memory-pager cache-miss
102 http fetch GET 200 https://registry.npmjs.org/memory-pager 332ms (cache revalidated)
103 silly packumentCache full:https://registry.npmjs.org/memory-pager set size:21090 disposed:false
104 silly placeDep ROOT @types/whatwg-url@13.0.0 OK for: mongodb-connection-string-url@7.0.1 want: ^13.0.0
105 silly placeDep ROOT whatwg-url@14.2.0 OK for: mongodb-connection-string-url@7.0.1 want: ^14.1.0
106 silly fetch manifest @types/webidl-conversions@*
107 silly packumentCache full:https://registry.npmjs.org/@types%2fwebidl-conversions cache-miss
108 silly fetch manifest tr46@^5.1.0
109 silly packumentCache full:https://registry.npmjs.org/tr46 cache-miss
110 silly fetch manifest webidl-conversions@^7.0.0
111 silly packumentCache full:https://registry.npmjs.org/webidl-conversions cache-miss
112 http fetch GET 200 https://registry.npmjs.org/tr46 105ms (cache revalidated)
113 silly packumentCache full:https://registry.npmjs.org/tr46 set size:47377 disposed:false
114 http fetch GET 200 https://registry.npmjs.org/webidl-conversions 110ms (cache revalidated)
115 silly packumentCache full:https://registry.npmjs.org/webidl-conversions set size:46073 disposed:false
116 http fetch GET 200 https://registry.npmjs.org/@types%2fwebidl-conversions 649ms (cache revalidated)
117 silly packumentCache full:https://registry.npmjs.org/@types%2fwebidl-conversions set size:22935 disposed:false
118 silly placeDep ROOT @types/webidl-conversions@7.0.3 OK for: @types/whatwg-url@13.0.0 want: *
119 silly placeDep ROOT memory-pager@1.5.0 OK for: sparse-bitfield@3.0.3 want: ^1.0.2
120 silly placeDep ROOT tr46@5.1.1 OK for: whatwg-url@14.2.0 want: ^5.1.0
121 silly placeDep ROOT webidl-conversions@7.0.0 OK for: whatwg-url@14.2.0 want: ^7.0.0
122 silly reify moves {}
123 silly audit bulk request {
123 silly audit   '@alloc/quick-lru': [ '5.2.0' ],
123 silly audit   '@babel/code-frame': [ '7.29.0' ],
123 silly audit   '@babel/compat-data': [ '7.29.0' ],
123 silly audit   '@babel/core': [ '7.29.0' ],
123 silly audit   '@babel/generator': [ '7.29.1' ],
123 silly audit   '@babel/helper-compilation-targets': [ '7.28.6' ],
123 silly audit   '@babel/helper-globals': [ '7.28.0' ],
123 silly audit   '@babel/helper-module-imports': [ '7.28.6' ],
123 silly audit   '@babel/helper-module-transforms': [ '7.28.6' ],
123 silly audit   '@babel/helper-string-parser': [ '7.27.1' ],
123 silly audit   '@babel/helper-validator-identifier': [ '7.28.5' ],
123 silly audit   '@babel/helper-validator-option': [ '7.27.1' ],
123 silly audit   '@babel/helpers': [ '7.28.6' ],
123 silly audit   '@babel/parser': [ '7.29.0' ],
123 silly audit   '@babel/runtime': [ '7.29.2' ],
123 silly audit   '@babel/template': [ '7.28.6' ],
123 silly audit   '@babel/traverse': [ '7.29.0' ],
123 silly audit   '@babel/types': [ '7.29.0' ],
123 silly audit   '@emnapi/core': [ '1.8.1' ],
123 silly audit   '@emnapi/runtime': [ '1.8.1' ],
123 silly audit   '@emnapi/wasi-threads': [ '1.1.0' ],
123 silly audit   '@eslint-community/eslint-utils': [ '4.9.1' ],
123 silly audit   'eslint-visitor-keys': [ '3.4.3', '5.0.1', '4.2.1' ],
123 silly audit   '@eslint-community/regexpp': [ '4.12.2' ],
123 silly audit   '@eslint/config-array': [ '0.21.1' ],
123 silly audit   '@eslint/config-helpers': [ '0.4.2' ],
123 silly audit   '@eslint/core': [ '0.17.0' ],
123 silly audit   '@eslint/eslintrc': [ '3.3.4' ],
123 silly audit   '@eslint/js': [ '9.39.3' ],
123 silly audit   '@eslint/object-schema': [ '2.1.7' ],
123 silly audit   '@eslint/plugin-kit': [ '0.4.1' ],
123 silly audit   '@humanfs/core': [ '0.19.1' ],
123 silly audit   '@humanfs/node': [ '0.16.7' ],
123 silly audit   '@humanwhocodes/module-importer': [ '1.0.1' ],
123 silly audit   '@humanwhocodes/retry': [ '0.4.3' ],
123 silly audit   '@img/colour': [ '1.1.0' ],
123 silly audit   '@img/sharp-darwin-arm64': [ '0.34.5' ],
123 silly audit   '@img/sharp-darwin-x64': [ '0.34.5' ],
123 silly audit   '@img/sharp-libvips-darwin-arm64': [ '1.2.4' ],
123 silly audit   '@img/sharp-libvips-darwin-x64': [ '1.2.4' ],
123 silly audit   '@img/sharp-libvips-linux-arm': [ '1.2.4' ],
123 silly audit   '@img/sharp-libvips-linux-arm64': [ '1.2.4' ],
123 silly audit   '@img/sharp-libvips-linux-ppc64': [ '1.2.4' ],
123 silly audit   '@img/sharp-libvips-linux-riscv64': [ '1.2.4' ],
123 silly audit   '@img/sharp-libvips-linux-s390x': [ '1.2.4' ],
123 silly audit   '@img/sharp-libvips-linux-x64': [ '1.2.4' ],
123 silly audit   '@img/sharp-libvips-linuxmusl-arm64': [ '1.2.4' ],
123 silly audit   '@img/sharp-libvips-linuxmusl-x64': [ '1.2.4' ],
123 silly audit   '@img/sharp-linux-arm': [ '0.34.5' ],
123 silly audit   '@img/sharp-linux-arm64': [ '0.34.5' ],
123 silly audit   '@img/sharp-linux-ppc64': [ '0.34.5' ],
123 silly audit   '@img/sharp-linux-riscv64': [ '0.34.5' ],
123 silly audit   '@img/sharp-linux-s390x': [ '0.34.5' ],
123 silly audit   '@img/sharp-linux-x64': [ '0.34.5' ],
123 silly audit   '@img/sharp-linuxmusl-arm64': [ '0.34.5' ],
123 silly audit   '@img/sharp-linuxmusl-x64': [ '0.34.5' ],
123 silly audit   '@img/sharp-wasm32': [ '0.34.5' ],
123 silly audit   '@img/sharp-win32-arm64': [ '0.34.5' ],
123 silly audit   '@img/sharp-win32-ia32': [ '0.34.5' ],
123 silly audit   '@img/sharp-win32-x64': [ '0.34.5' ],
123 silly audit   '@jridgewell/gen-mapping': [ '0.3.13' ],
123 silly audit   '@jridgewell/remapping': [ '2.3.5' ],
123 silly audit   '@jridgewell/resolve-uri': [ '3.1.2' ],
123 silly audit   '@jridgewell/sourcemap-codec': [ '1.5.5' ],
123 silly audit   '@jridgewell/trace-mapping': [ '0.3.31' ],
123 silly audit   '@napi-rs/wasm-runtime': [ '0.2.12' ],
123 silly audit   '@next/env': [ '16.1.6' ],
123 silly audit   '@next/eslint-plugin-next': [ '16.1.6' ],
123 silly audit   '@next/swc-darwin-arm64': [ '16.1.6' ],
123 silly audit   '@next/swc-darwin-x64': [ '16.1.6' ],
123 silly audit   '@next/swc-linux-arm64-gnu': [ '16.1.6' ],
123 silly audit   '@next/swc-linux-arm64-musl': [ '16.1.6' ],
123 silly audit   '@next/swc-linux-x64-gnu': [ '16.1.6' ],
123 silly audit   '@next/swc-linux-x64-musl': [ '16.1.6' ],
123 silly audit   '@next/swc-win32-arm64-msvc': [ '16.1.6' ],
123 silly audit   '@next/swc-win32-x64-msvc': [ '16.1.6' ],
123 silly audit   '@nodelib/fs.scandir': [ '2.1.5' ],
123 silly audit   '@nodelib/fs.stat': [ '2.0.5' ],
123 silly audit   '@nodelib/fs.walk': [ '1.2.8' ],
123 silly audit   '@nolyfill/is-core-module': [ '1.0.39' ],
123 silly audit   '@react-leaflet/core': [ '3.0.0' ],
123 silly audit   '@rtsao/scc': [ '1.1.0' ],
123 silly audit   '@socket.io/component-emitter': [ '3.1.2' ],
123 silly audit   '@swc/helpers': [ '0.5.15' ],
123 silly audit   '@tailwindcss/node': [ '4.2.1' ],
123 silly audit   '@tailwindcss/oxide': [ '4.2.1' ],
123 silly audit   '@tailwindcss/oxide-android-arm64': [ '4.2.1' ],
123 silly audit   '@tailwindcss/oxide-darwin-arm64': [ '4.2.1' ],
123 silly audit   '@tailwindcss/oxide-darwin-x64': [ '4.2.1' ],
123 silly audit   '@tailwindcss/oxide-freebsd-x64': [ '4.2.1' ],
123 silly audit   '@tailwindcss/oxide-linux-arm-gnueabihf': [ '4.2.1' ],
123 silly audit   '@tailwindcss/oxide-linux-arm64-gnu': [ '4.2.1' ],
123 silly audit   '@tailwindcss/oxide-linux-arm64-musl': [ '4.2.1' ],
123 silly audit   '@tailwindcss/oxide-linux-x64-gnu': [ '4.2.1' ],
123 silly audit   '@tailwindcss/oxide-linux-x64-musl': [ '4.2.1' ],
123 silly audit   '@tailwindcss/oxide-wasm32-wasi': [ '4.2.1' ],
123 silly audit   '@tailwindcss/oxide-win32-arm64-msvc': [ '4.2.1' ],
123 silly audit   '@tailwindcss/oxide-win32-x64-msvc': [ '4.2.1' ],
123 silly audit   '@tailwindcss/postcss': [ '4.2.1' ],
123 silly audit   '@tanstack/query-core': [ '5.90.20' ],
123 silly audit   '@tanstack/query-devtools': [ '5.93.0' ],
123 silly audit   '@tanstack/react-query': [ '5.90.21' ],
123 silly audit   '@tanstack/react-query-devtools': [ '5.91.3' ],
123 silly audit   '@tybys/wasm-util': [ '0.10.1' ],
123 silly audit   '@types/estree': [ '1.0.8' ],
123 silly audit   '@types/geojson': [ '7946.0.16' ],
123 silly audit   '@types/json-schema': [ '7.0.15' ],
123 silly audit   '@types/json5': [ '0.0.29' ],
123 silly audit   '@types/leaflet': [ '1.9.21' ],
123 silly audit   '@types/node': [ '20.19.37' ],
123 silly audit   '@types/pako': [ '2.0.4' ],
123 silly audit   '@types/raf': [ '3.4.3' ],
123 silly audit   '@types/react': [ '19.2.14' ],
123 silly audit   '@types/react-dom': [ '19.2.3' ],
123 silly audit   '@types/trusted-types': [ '2.0.7' ],
123 silly audit   '@typescript-eslint/eslint-plugin': [ '8.56.1' ],
123 silly audit   ignore: [ '7.0.5', '5.3.2' ],
123 silly audit   '@typescript-eslint/parser': [ '8.56.1' ],
123 silly audit   '@typescript-eslint/project-service': [ '8.56.1' ],
123 silly audit   '@typescript-eslint/scope-manager': [ '8.56.1' ],
123 silly audit   '@typescript-eslint/tsconfig-utils': [ '8.56.1' ],
123 silly audit   '@typescript-eslint/type-utils': [ '8.56.1' ],
123 silly audit   '@typescript-eslint/types': [ '8.56.1' ],
123 silly audit   '@typescript-eslint/typescript-estree': [ '8.56.1' ],
123 silly audit   'balanced-match': [ '4.0.4', '1.0.2' ],
123 silly audit   'brace-expansion': [ '5.0.4', '1.1.12' ],
123 silly audit   minimatch: [ '10.2.4', '3.1.5' ],
123 silly audit   semver: [ '7.7.4', '6.3.1' ],
123 silly audit   '@typescript-eslint/utils': [ '8.56.1' ],
123 silly audit   '@typescript-eslint/visitor-keys': [ '8.56.1' ],
123 silly audit   '@unrs/resolver-binding-android-arm-eabi': [ '1.11.1' ],
123 silly audit   '@unrs/resolver-binding-android-arm64': [ '1.11.1' ],
123 silly audit   '@unrs/resolver-binding-darwin-arm64': [ '1.11.1' ],
123 silly audit   '@unrs/resolver-binding-darwin-x64': [ '1.11.1' ],
123 silly audit   '@unrs/resolver-binding-freebsd-x64': [ '1.11.1' ],
123 silly audit   '@unrs/resolver-binding-linux-arm-gnueabihf': [ '1.11.1' ],
123 silly audit   '@unrs/resolver-binding-linux-arm-musleabihf': [ '1.11.1' ],
123 silly audit   '@unrs/resolver-binding-linux-arm64-gnu': [ '1.11.1' ],
123 silly audit   '@unrs/resolver-binding-linux-arm64-musl': [ '1.11.1' ],
123 silly audit   '@unrs/resolver-binding-linux-ppc64-gnu': [ '1.11.1' ],
123 silly audit   '@unrs/resolver-binding-linux-riscv64-gnu': [ '1.11.1' ],
123 silly audit   '@unrs/resolver-binding-linux-riscv64-musl': [ '1.11.1' ],
123 silly audit   '@unrs/resolver-binding-linux-s390x-gnu': [ '1.11.1' ],
123 silly audit   '@unrs/resolver-binding-linux-x64-gnu': [ '1.11.1' ],
123 silly audit   '@unrs/resolver-binding-linux-x64-musl': [ '1.11.1' ],
123 silly audit   '@unrs/resolver-binding-wasm32-wasi': [ '1.11.1' ],
123 silly audit   '@unrs/resolver-binding-win32-arm64-msvc': [ '1.11.1' ],
123 silly audit   '@unrs/resolver-binding-win32-ia32-msvc': [ '1.11.1' ],
123 silly audit   '@unrs/resolver-binding-win32-x64-msvc': [ '1.11.1' ],
123 silly audit   acorn: [ '8.16.0' ],
123 silly audit   'acorn-jsx': [ '5.3.2' ],
123 silly audit   ajv: [ '6.14.0' ],
123 silly audit   'ansi-styles': [ '4.3.0' ],
123 silly audit   argparse: [ '2.0.1' ],
123 silly audit   'aria-query': [ '5.3.2' ],
123 silly audit   'array-buffer-byte-length': [ '1.0.2' ],
123 silly audit   'array-includes': [ '3.1.9' ],
123 silly audit   'array.prototype.findlast': [ '1.2.5' ],
123 silly audit   'array.prototype.findlastindex': [ '1.2.6' ],
123 silly audit   'array.prototype.flat': [ '1.3.3' ],
123 silly audit   'array.prototype.flatmap': [ '1.3.3' ],
123 silly audit   'array.prototype.tosorted': [ '1.1.4' ],
123 silly audit   'arraybuffer.prototype.slice': [ '1.0.4' ],
123 silly audit   'ast-types-flow': [ '0.0.8' ],
123 silly audit   'async-function': [ '1.0.0' ],
123 silly audit   asynckit: [ '0.4.0' ],
123 silly audit   'available-typed-arrays': [ '1.0.7' ],
123 silly audit   'axe-core': [ '4.11.1' ],
123 silly audit   axios: [ '1.13.6' ],
123 silly audit   'axobject-query': [ '4.1.0' ],
123 silly audit   'base64-arraybuffer': [ '1.0.2' ],
123 silly audit   'baseline-browser-mapping': [ '2.10.0' ],
123 silly audit   braces: [ '3.0.3' ],
123 silly audit   browserslist: [ '4.28.1' ],
123 silly audit   'call-bind': [ '1.0.8' ],
123 silly audit   'call-bind-apply-helpers': [ '1.0.2' ],
123 silly audit   'call-bound': [ '1.0.4' ],
123 silly audit   callsites: [ '3.1.0' ],
123 silly audit   'caniuse-lite': [ '1.0.30001777' ],
123 silly audit   canvg: [ '3.0.11' ],
123 silly audit   chalk: [ '4.1.2' ],
123 silly audit   'client-only': [ '0.0.1' ],
123 silly audit   'color-convert': [ '2.0.1' ],
123 silly audit   'color-name': [ '1.1.4' ],
123 silly audit   'combined-stream': [ '1.0.8' ],
123 silly audit   'concat-map': [ '0.0.1' ],
123 silly audit   'convert-source-map': [ '2.0.0' ],
123 silly audit   'core-js': [ '3.49.0' ],
123 silly audit   'cross-spawn': [ '7.0.6' ],
123 silly audit   'css-line-break': [ '2.1.0' ],
123 silly audit   csstype: [ '3.2.3' ],
123 silly audit   'damerau-levenshtein': [ '1.0.8' ],
123 silly audit   'data-view-buffer': [ '1.0.2' ],
123 silly audit   'data-view-byte-length': [ '1.0.2' ],
123 silly audit   'data-view-byte-offset': [ '1.0.1' ],
123 silly audit   'date-fns': [ '4.1.0' ],
123 silly audit   debug: [ '4.4.3', '3.2.7' ],
123 silly audit   'deep-is': [ '0.1.4' ],
123 silly audit   'define-data-property': [ '1.1.4' ],
123 silly audit   'define-properties': [ '1.2.1' ],
123 silly audit   'delayed-stream': [ '1.0.0' ],
123 silly audit   'detect-libc': [ '2.1.2' ],
123 silly audit   doctrine: [ '2.1.0' ],
123 silly audit   dompurify: [ '3.3.3' ],
123 silly audit   'dunder-proto': [ '1.0.1' ],
123 silly audit   'electron-to-chromium': [ '1.5.307' ],
123 silly audit   'emoji-regex': [ '9.2.2' ],
123 silly audit   'engine.io-client': [ '6.6.4' ],
123 silly audit   'engine.io-parser': [ '5.2.3' ],
123 silly audit   'enhanced-resolve': [ '5.20.0' ],
123 silly audit   'es-abstract': [ '1.24.1' ],
123 silly audit   'es-define-property': [ '1.0.1' ],
123 silly audit   'es-errors': [ '1.3.0' ],
123 silly audit   'es-iterator-helpers': [ '1.2.2' ],
123 silly audit   'es-object-atoms': [ '1.1.1' ],
123 silly audit   'es-set-tostringtag': [ '2.1.0' ],
123 silly audit   'es-shim-unscopables': [ '1.1.0' ],
123 silly audit   'es-to-primitive': [ '1.3.0' ],
123 silly audit   escalade: [ '3.2.0' ],
123 silly audit   'escape-string-regexp': [ '4.0.0' ],
123 silly audit   eslint: [ '9.39.3' ],
123 silly audit   'eslint-config-next': [ '16.1.6' ],
123 silly audit   globals: [ '16.4.0', '14.0.0' ],
123 silly audit   'eslint-import-resolver-node': [ '0.3.9' ],
123 silly audit   'eslint-import-resolver-typescript': [ '3.10.1' ],
123 silly audit   'eslint-module-utils': [ '2.12.1' ],
123 silly audit   'eslint-plugin-import': [ '2.32.0' ],
123 silly audit   'eslint-plugin-jsx-a11y': [ '6.10.2' ],
123 silly audit   'eslint-plugin-react': [ '7.37.5' ],
123 silly audit   'eslint-plugin-react-hooks': [ '7.0.1' ],
123 silly audit   resolve: [ '2.0.0-next.6', '1.22.11' ],
123 silly audit   'eslint-scope': [ '8.4.0' ],
123 silly audit   espree: [ '10.4.0' ],
123 silly audit   esquery: [ '1.7.0' ],
123 silly audit   esrecurse: [ '4.3.0' ],
123 silly audit   estraverse: [ '5.3.0' ],
123 silly audit   esutils: [ '2.0.3' ],
123 silly audit   'fast-deep-equal': [ '3.1.3' ],
123 silly audit   'fast-glob': [ '3.3.1' ],
123 silly audit   'glob-parent': [ '5.1.2', '6.0.2' ],
123 silly audit   'fast-json-stable-stringify': [ '2.1.0' ],
123 silly audit   'fast-levenshtein': [ '2.0.6' ],
123 silly audit   'fast-png': [ '6.4.0' ],
123 silly audit   fastq: [ '1.20.1' ],
123 silly audit   fflate: [ '0.8.2' ],
123 silly audit   'file-entry-cache': [ '8.0.0' ],
123 silly audit   'fill-range': [ '7.1.1' ],
123 silly audit   'find-up': [ '5.0.0' ],
123 silly audit   'flat-cache': [ '4.0.1' ],
123 silly audit   flatted: [ '3.3.4' ],
123 silly audit   'follow-redirects': [ '1.15.11' ],
123 silly audit   'for-each': [ '0.3.5' ],
123 silly audit   'form-data': [ '4.0.5' ],
123 silly audit   'function-bind': [ '1.1.2' ],
123 silly audit   'function.prototype.name': [ '1.1.8' ],
123 silly audit   'functions-have-names': [ '1.2.3' ],
123 silly audit   'generator-function': [ '2.0.1' ],
123 silly audit   gensync: [ '1.0.0-beta.2' ],
123 silly audit   'get-intrinsic': [ '1.3.0' ],
123 silly audit   'get-proto': [ '1.0.1' ],
123 silly audit   'get-symbol-description': [ '1.1.0' ],
123 silly audit   'get-tsconfig': [ '4.13.6' ],
123 silly audit   globalthis: [ '1.0.4' ],
123 silly audit   goober: [ '2.1.18' ],
123 silly audit   gopd: [ '1.2.0' ],
123 silly audit   'graceful-fs': [ '4.2.11' ],
123 silly audit   'has-bigints': [ '1.1.0' ],
123 silly audit   'has-flag': [ '4.0.0' ],
123 silly audit   'has-property-descriptors': [ '1.0.2' ],
123 silly audit   'has-proto': [ '1.2.0' ],
123 silly audit   'has-symbols': [ '1.1.0' ],
123 silly audit   'has-tostringtag': [ '1.0.2' ],
123 silly audit   hasown: [ '2.0.2' ],
123 silly audit   'hermes-estree': [ '0.25.1' ],
123 silly audit   'hermes-parser': [ '0.25.1' ],
123 silly audit   html2canvas: [ '1.4.1' ],
123 silly audit   'import-fresh': [ '3.3.1' ],
123 silly audit   imurmurhash: [ '0.1.4' ],
123 silly audit   'internal-slot': [ '1.1.0' ],
123 silly audit   iobuffer: [ '5.4.0' ],
123 silly audit   'is-array-buffer': [ '3.0.5' ],
123 silly audit   'is-async-function': [ '2.1.1' ],
123 silly audit   'is-bigint': [ '1.1.0' ],
123 silly audit   'is-boolean-object': [ '1.2.2' ],
123 silly audit   'is-bun-module': [ '2.0.0' ],
123 silly audit   'is-callable': [ '1.2.7' ],
123 silly audit   'is-core-module': [ '2.16.1' ],
123 silly audit   'is-data-view': [ '1.0.2' ],
123 silly audit   'is-date-object': [ '1.1.0' ],
123 silly audit   'is-extglob': [ '2.1.1' ],
123 silly audit   'is-finalizationregistry': [ '1.1.1' ],
123 silly audit   'is-generator-function': [ '1.1.2' ],
123 silly audit   'is-glob': [ '4.0.3' ],
123 silly audit   'is-map': [ '2.0.3' ],
123 silly audit   'is-negative-zero': [ '2.0.3' ],
123 silly audit   'is-number': [ '7.0.0' ],
123 silly audit   'is-number-object': [ '1.1.1' ],
123 silly audit   'is-regex': [ '1.2.1' ],
123 silly audit   'is-set': [ '2.0.3' ],
123 silly audit   'is-shared-array-buffer': [ '1.0.4' ],
123 silly audit   'is-string': [ '1.1.1' ],
123 silly audit   'is-symbol': [ '1.1.1' ],
123 silly audit   'is-typed-array': [ '1.1.15' ],
123 silly audit   'is-weakmap': [ '2.0.2' ],
123 silly audit   'is-weakref': [ '1.1.1' ],
123 silly audit   'is-weakset': [ '2.0.4' ],
123 silly audit   isarray: [ '2.0.5' ],
123 silly audit   isexe: [ '2.0.0' ],
123 silly audit   'iterator.prototype': [ '1.1.5' ],
123 silly audit   jiti: [ '2.6.1' ],
123 silly audit   'js-tokens': [ '4.0.0' ],
123 silly audit   'js-yaml': [ '4.1.1' ],
123 silly audit   jsesc: [ '3.1.0' ],
123 silly audit   'json-buffer': [ '3.0.1' ],
123 silly audit   'json-schema-traverse': [ '0.4.1' ],
123 silly audit   'json-stable-stringify-without-jsonify': [ '1.0.1' ],
123 silly audit   json5: [ '2.2.3', '1.0.2' ],
123 silly audit   jspdf: [ '4.2.1' ],
123 silly audit   'jspdf-autotable': [ '5.0.7' ],
123 silly audit   'jsx-ast-utils': [ '3.3.5' ],
123 silly audit   keyv: [ '4.5.4' ],
123 silly audit   'language-subtag-registry': [ '0.3.23' ],
123 silly audit   'language-tags': [ '1.0.9' ],
123 silly audit   leaflet: [ '1.9.4' ],
123 silly audit   levn: [ '0.4.1' ],
123 silly audit   lightningcss: [ '1.31.1' ],
123 silly audit   'lightningcss-android-arm64': [ '1.31.1' ],
123 silly audit   'lightningcss-darwin-arm64': [ '1.31.1' ],
123 silly audit   'lightningcss-darwin-x64': [ '1.31.1' ],
123 silly audit   'lightningcss-freebsd-x64': [ '1.31.1' ],
123 silly audit   'lightningcss-linux-arm-gnueabihf': [ '1.31.1' ],
123 silly audit   'lightningcss-linux-arm64-gnu': [ '1.31.1' ],
123 silly audit   'lightningcss-linux-arm64-musl': [ '1.31.1' ],
123 silly audit   'lightningcss-linux-x64-gnu': [ '1.31.1' ],
123 silly audit   'lightningcss-linux-x64-musl': [ '1.31.1' ],
123 silly audit   'lightningcss-win32-arm64-msvc': [ '1.31.1' ],
123 silly audit   'lightningcss-win32-x64-msvc': [ '1.31.1' ],
123 silly audit   'locate-path': [ '6.0.0' ],
123 silly audit   'lodash.merge': [ '4.6.2' ],
123 silly audit   'loose-envify': [ '1.4.0' ],
123 silly audit   'lru-cache': [ '5.1.1' ],
123 silly audit   'lucide-react': [ '0.577.0' ],
123 silly audit   'magic-string': [ '0.30.21' ],
123 silly audit   'math-intrinsics': [ '1.1.0' ],
123 silly audit   merge2: [ '1.4.1' ],
123 silly audit   micromatch: [ '4.0.8' ],
123 silly audit   'mime-db': [ '1.52.0' ],
123 silly audit   'mime-types': [ '2.1.35' ],
123 silly audit   minimist: [ '1.2.8' ],
123 silly audit   ms: [ '2.1.3' ],
123 silly audit   nanoid: [ '3.3.11' ],
123 silly audit   'napi-postinstall': [ '0.3.4' ],
123 silly audit   'natural-compare': [ '1.4.0' ],
123 silly audit   next: [ '16.1.6' ],
123 silly audit   'next-themes': [ '0.4.6' ],
123 silly audit   postcss: [ '8.4.31', '8.5.8' ],
123 silly audit   'node-exports-info': [ '1.6.0' ],
123 silly audit   'node-releases': [ '2.0.36' ],
123 silly audit   'object-assign': [ '4.1.1' ],
123 silly audit   'object-inspect': [ '1.13.4' ],
123 silly audit   'object-keys': [ '1.1.1' ],
123 silly audit   'object.assign': [ '4.1.7' ],
123 silly audit   'object.entries': [ '1.1.9' ],
123 silly audit   'object.fromentries': [ '2.0.8' ],
123 silly audit   'object.groupby': [ '1.0.3' ],
123 silly audit   'object.values': [ '1.2.1' ],
123 silly audit   optionator: [ '0.9.4' ],
123 silly audit   'own-keys': [ '1.0.1' ],
123 silly audit   'p-limit': [ '3.1.0' ],
123 silly audit   'p-locate': [ '5.0.0' ],
123 silly audit   pako: [ '2.1.0' ],
123 silly audit   'parent-module': [ '1.0.1' ],
123 silly audit   'path-exists': [ '4.0.0' ],
123 silly audit   'path-key': [ '3.1.1' ],
123 silly audit   'path-parse': [ '1.0.7' ],
123 silly audit   'performance-now': [ '2.1.0' ],
123 silly audit   picocolors: [ '1.1.1' ],
123 silly audit   picomatch: [ '2.3.1', '4.0.3' ],
123 silly audit   'possible-typed-array-names': [ '1.1.0' ],
123 silly audit   'prelude-ls': [ '1.2.1' ],
123 silly audit   'prop-types': [ '15.8.1' ],
123 silly audit   'proxy-from-env': [ '1.1.0' ],
123 silly audit   punycode: [ '2.3.1' ],
123 silly audit   'queue-microtask': [ '1.2.3' ],
123 silly audit   raf: [ '3.4.1' ],
123 silly audit   react: [ '19.2.3' ],
123 silly audit   'react-dom': [ '19.2.3' ],
123 silly audit   'react-hot-toast': [ '2.6.0' ],
123 silly audit   'react-is': [ '16.13.1' ],
123 silly audit   'react-leaflet': [ '5.0.0' ],
123 silly audit   'reflect.getprototypeof': [ '1.0.10' ],
123 silly audit   'regenerator-runtime': [ '0.13.11' ],
123 silly audit   'regexp.prototype.flags': [ '1.5.4' ],
123 silly audit   'resolve-from': [ '4.0.0' ],
123 silly audit   'resolve-pkg-maps': [ '1.0.0' ],
123 silly audit   reusify: [ '1.1.0' ],
123 silly audit   rgbcolor: [ '1.0.1' ],
123 silly audit   'run-parallel': [ '1.2.0' ],
123 silly audit   'safe-array-concat': [ '1.1.3' ],
123 silly audit   'safe-push-apply': [ '1.0.0' ],
123 silly audit   'safe-regex-test': [ '1.1.0' ],
123 silly audit   scheduler: [ '0.27.0' ],
123 silly audit   'set-function-length': [ '1.2.2' ],
123 silly audit   'set-function-name': [ '2.0.2' ],
123 silly audit   'set-proto': [ '1.0.0' ],
123 silly audit   sharp: [ '0.34.5' ],
123 silly audit   'shebang-command': [ '2.0.0' ],
123 silly audit   'shebang-regex': [ '3.0.0' ],
123 silly audit   'side-channel': [ '1.1.0' ],
123 silly audit   'side-channel-list': [ '1.0.0' ],
123 silly audit   'side-channel-map': [ '1.0.1' ],
123 silly audit   'side-channel-weakmap': [ '1.0.2' ],
123 silly audit   'socket.io-client': [ '4.8.3' ],
123 silly audit   'socket.io-parser': [ '4.2.5' ],
123 silly audit   'source-map-js': [ '1.2.1' ],
123 silly audit   'stable-hash': [ '0.0.5' ],
123 silly audit   'stackblur-canvas': [ '2.7.0' ],
123 silly audit   'stop-iteration-iterator': [ '1.1.0' ],
123 silly audit   'string.prototype.includes': [ '2.0.1' ],
123 silly audit   'string.prototype.matchall': [ '4.0.12' ],
123 silly audit   'string.prototype.repeat': [ '1.0.0' ],
123 silly audit   'string.prototype.trim': [ '1.2.10' ],
123 silly audit   'string.prototype.trimend': [ '1.0.9' ],
123 silly audit   'string.prototype.trimstart': [ '1.0.8' ],
123 silly audit   'strip-bom': [ '3.0.0' ],
123 silly audit   'strip-json-comments': [ '3.1.1' ],
123 silly audit   'styled-jsx': [ '5.1.6' ],
123 silly audit   'supports-color': [ '7.2.0' ],
123 silly audit   'supports-preserve-symlinks-flag': [ '1.0.0' ],
123 silly audit   'svg-pathdata': [ '6.0.3' ],
123 silly audit   tailwindcss: [ '4.2.1' ],
123 silly audit   tapable: [ '2.3.0' ],
123 silly audit   'text-segmentation': [ '1.0.3' ],
123 silly audit   tinyglobby: [ '0.2.15' ],
123 silly audit   fdir: [ '6.5.0' ],
123 silly audit   'to-regex-range': [ '5.0.1' ],
123 silly audit   'ts-api-utils': [ '2.4.0' ],
123 silly audit   'tsconfig-paths': [ '3.15.0' ],
123 silly audit   tslib: [ '2.8.1' ],
123 silly audit   'type-check': [ '0.4.0' ],
123 silly audit   'typed-array-buffer': [ '1.0.3' ],
123 silly audit   'typed-array-byte-length': [ '1.0.3' ],
123 silly audit   'typed-array-byte-offset': [ '1.0.4' ],
123 silly audit   'typed-array-length': [ '1.0.7' ],
123 silly audit   typescript: [ '5.9.3' ],
123 silly audit   'typescript-eslint': [ '8.56.1' ],
123 silly audit   'unbox-primitive': [ '1.1.0' ],
123 silly audit   'undici-types': [ '6.21.0' ],
123 silly audit   'unrs-resolver': [ '1.11.1' ],
123 silly audit   'update-browserslist-db': [ '1.2.3' ],
123 silly audit   'uri-js': [ '4.4.1' ],
123 silly audit   utrie: [ '1.0.2' ],
123 silly audit   which: [ '2.0.2' ],
123 silly audit   'which-boxed-primitive': [ '1.1.1' ],
123 silly audit   'which-builtin-type': [ '1.2.1' ],
123 silly audit   'which-collection': [ '1.0.2' ],
123 silly audit   'which-typed-array': [ '1.1.20' ],
123 silly audit   'word-wrap': [ '1.2.5' ],
123 silly audit   ws: [ '8.18.3' ],
123 silly audit   'xmlhttprequest-ssl': [ '2.1.2' ],
123 silly audit   yallist: [ '3.1.1' ],
123 silly audit   'yocto-queue': [ '0.1.0' ],
123 silly audit   zod: [ '4.3.6' ],
123 silly audit   'zod-validation-error': [ '4.0.2' ],
123 silly audit   zustand: [ '5.0.11' ],
123 silly audit   mongoose: [ '9.3.3' ],
123 silly audit   kareem: [ '3.2.0' ],
123 silly audit   mongodb: [ '7.1.1' ],
123 silly audit   mpath: [ '0.9.0' ],
123 silly audit   mquery: [ '6.0.0' ],
123 silly audit   sift: [ '17.1.3' ],
123 silly audit   '@mongodb-js/saslprep': [ '1.4.6' ],
123 silly audit   bson: [ '7.2.0' ],
123 silly audit   'mongodb-connection-string-url': [ '7.0.1' ],
123 silly audit   'sparse-bitfield': [ '3.0.3' ],
123 silly audit   '@types/whatwg-url': [ '13.0.0' ],
123 silly audit   'whatwg-url': [ '14.2.0' ],
123 silly audit   '@types/webidl-conversions': [ '7.0.3' ],
123 silly audit   'memory-pager': [ '1.5.0' ],
123 silly audit   tr46: [ '5.1.1' ],
123 silly audit   'webidl-conversions': [ '7.0.0' ]
123 silly audit }
124 http cache webidl-conversions@https://registry.npmjs.org/webidl-conversions/-/webidl-conversions-7.0.0.tgz 0ms (cache hit)
125 http cache @types/webidl-conversions@https://registry.npmjs.org/@types/webidl-conversions/-/webidl-conversions-7.0.3.tgz 0ms (cache hit)
126 http cache tr46@https://registry.npmjs.org/tr46/-/tr46-5.1.1.tgz 0ms (cache hit)
127 http cache memory-pager@https://registry.npmjs.org/memory-pager/-/memory-pager-1.5.0.tgz 0ms (cache hit)
128 http cache @types/whatwg-url@https://registry.npmjs.org/@types/whatwg-url/-/whatwg-url-13.0.0.tgz 0ms (cache hit)
129 http cache whatwg-url@https://registry.npmjs.org/whatwg-url/-/whatwg-url-14.2.0.tgz 0ms (cache hit)
130 http cache @mongodb-js/saslprep@https://registry.npmjs.org/@mongodb-js/saslprep/-/saslprep-1.4.6.tgz 0ms (cache hit)
131 http cache sparse-bitfield@https://registry.npmjs.org/sparse-bitfield/-/sparse-bitfield-3.0.3.tgz 0ms (cache hit)
132 http cache mongodb-connection-string-url@https://registry.npmjs.org/mongodb-connection-string-url/-/mongodb-connection-string-url-7.0.1.tgz 0ms (cache hit)
133 http cache bson@https://registry.npmjs.org/bson/-/bson-7.2.0.tgz 0ms (cache hit)
134 http cache mquery@https://registry.npmjs.org/mquery/-/mquery-6.0.0.tgz 0ms (cache hit)
135 http cache mongodb@https://registry.npmjs.org/mongodb/-/mongodb-7.1.1.tgz 0ms (cache hit)
136 http cache mpath@https://registry.npmjs.org/mpath/-/mpath-0.9.0.tgz 0ms (cache hit)
137 http cache sift@https://registry.npmjs.org/sift/-/sift-17.1.3.tgz 0ms (cache hit)
138 silly tarball no local data for @types/whatwg-url@https://registry.npmjs.org/@types/whatwg-url/-/whatwg-url-13.0.0.tgz. Extracting by manifest.
139 silly tarball no local data for mongodb-connection-string-url@https://registry.npmjs.org/mongodb-connection-string-url/-/mongodb-connection-string-url-7.0.1.tgz. Extracting by manifest.
140 silly tarball no local data for bson@https://registry.npmjs.org/bson/-/bson-7.2.0.tgz. Extracting by manifest.
141 silly tarball no local data for mquery@https://registry.npmjs.org/mquery/-/mquery-6.0.0.tgz. Extracting by manifest.
142 silly tarball no local data for mongodb@https://registry.npmjs.org/mongodb/-/mongodb-7.1.1.tgz. Extracting by manifest.
143 http cache kareem@https://registry.npmjs.org/kareem/-/kareem-3.2.0.tgz 0ms (cache hit)
144 http cache mongoose@https://registry.npmjs.org/mongoose/-/mongoose-9.3.3.tgz 0ms (cache hit)
145 silly tarball no local data for kareem@https://registry.npmjs.org/kareem/-/kareem-3.2.0.tgz. Extracting by manifest.
146 silly tarball no local data for mongoose@https://registry.npmjs.org/mongoose/-/mongoose-9.3.3.tgz. Extracting by manifest.
147 http fetch GET 200 https://registry.npmjs.org/mongodb-connection-string-url/-/mongodb-connection-string-url-7.0.1.tgz 400ms (cache miss)
148 http fetch POST 200 https://registry.npmjs.org/-/npm/v1/security/advisories/bulk 527ms
149 silly audit report {
149 silly audit report   'brace-expansion': [
149 silly audit report     {
149 silly audit report       id: 1115540,
149 silly audit report       url: 'https://github.com/advisories/GHSA-f886-m6hf-6m8v',
149 silly audit report       title: 'brace-expansion: Zero-step sequence causes process hang and memory exhaustion',
149 silly audit report       severity: 'moderate',
149 silly audit report       vulnerable_versions: '<1.1.13',
149 silly audit report       cwe: [Array],
149 silly audit report       cvss: [Object]
149 silly audit report     },
149 silly audit report     {
149 silly audit report       id: 1115543,
149 silly audit report       url: 'https://github.com/advisories/GHSA-f886-m6hf-6m8v',
149 silly audit report       title: 'brace-expansion: Zero-step sequence causes process hang and memory exhaustion',
149 silly audit report       severity: 'moderate',
149 silly audit report       vulnerable_versions: '>=4.0.0 <5.0.5',
149 silly audit report       cwe: [Array],
149 silly audit report       cvss: [Object]
149 silly audit report     }
149 silly audit report   ],
149 silly audit report   flatted: [
149 silly audit report     {
149 silly audit report       id: 1114526,
149 silly audit report       url: 'https://github.com/advisories/GHSA-25h7-pfq9-p65f',
149 silly audit report       title: 'flatted vulnerable to unbounded recursion DoS in parse() revive phase',
149 silly audit report       severity: 'high',
149 silly audit report       vulnerable_versions: '<3.4.0',
149 silly audit report       cwe: [Array],
149 silly audit report       cvss: [Object]
149 silly audit report     },
149 silly audit report     {
149 silly audit report       id: 1115357,
149 silly audit report       url: 'https://github.com/advisories/GHSA-rf6f-7fwh-wjgh',
149 silly audit report       title: 'Prototype Pollution via parse() in NodeJS flatted',
149 silly audit report       severity: 'high',
149 silly audit report       vulnerable_versions: '<=3.4.1',
149 silly audit report       cwe: [Array],
149 silly audit report       cvss: [Object]
149 silly audit report     }
149 silly audit report   ],
149 silly audit report   next: [
149 silly audit report     {
149 silly audit report       id: 1114898,
149 silly audit report       url: 'https://github.com/advisories/GHSA-ggv3-7p47-pfv8',
149 silly audit report       title: 'Next.js: HTTP request smuggling in rewrites',
149 silly audit report       severity: 'moderate',
149 silly audit report       vulnerable_versions: '>=16.0.0-beta.0 <16.1.7',
149 silly audit report       cwe: [Array],
149 silly audit report       cvss: [Object]
149 silly audit report     },
149 silly audit report     {
149 silly audit report       id: 1114941,
149 silly audit report       url: 'https://github.com/advisories/GHSA-3x4c-7xq6-9pq8',
149 silly audit report       title: 'Next.js: Unbounded next/image disk cache growth can exhaust storage',
149 silly audit report       severity: 'moderate',
149 silly audit report       vulnerable_versions: '>=16.0.0-beta.0 <16.1.7',
149 silly audit report       cwe: [Array],
149 silly audit report       cvss: [Object]
149 silly audit report     },
149 silly audit report     {
149 silly audit report       id: 1114942,
149 silly audit report       url: 'https://github.com/advisories/GHSA-h27x-g6w4-24gq',
149 silly audit report       title: 'Next.js: Unbounded postponed resume buffering can lead to DoS',
149 silly audit report       severity: 'moderate',
149 silly audit report       vulnerable_versions: '>=16.0.1 <16.1.7',
149 silly audit report       cwe: [Array],
149 silly audit report       cvss: [Object]
149 silly audit report     },
149 silly audit report     {
149 silly audit report       id: 1114943,
149 silly audit report       url: 'https://github.com/advisories/GHSA-mq59-m269-xvcx',
149 silly audit report       title: 'Next.js: null origin can bypass Server Actions CSRF checks',
149 silly audit report       severity: 'moderate',
149 silly audit report       vulnerable_versions: '>=16.0.1 <16.1.7',
149 silly audit report       cwe: [Array],
149 silly audit report       cvss: [Object]
149 silly audit report     },
149 silly audit report     {
149 silly audit report       id: 1115360,
149 silly audit report       url: 'https://github.com/advisories/GHSA-jcc7-9wpm-mj36',
149 silly audit report       title: 'Next.js: null origin can bypass dev HMR websocket CSRF checks',
149 silly audit report       severity: 'low',
149 silly audit report       vulnerable_versions: '>=16.0.1 <16.1.7',
149 silly audit report       cwe: [Array],
149 silly audit report       cvss: [Object]
149 silly audit report     }
149 silly audit report   ],
149 silly audit report   picomatch: [
149 silly audit report     {
149 silly audit report       id: 1115549,
149 silly audit report       url: 'https://github.com/advisories/GHSA-3v7f-55p6-f55p',
149 silly audit report       title: 'Picomatch: Method Injection in POSIX Character Classes causes incorrect Glob Matching',
149 silly audit report       severity: 'moderate',
149 silly audit report       vulnerable_versions: '<2.3.2',
149 silly audit report       cwe: [Array],
149 silly audit report       cvss: [Object]
149 silly audit report     },
149 silly audit report     {
149 silly audit report       id: 1115551,
149 silly audit report       url: 'https://github.com/advisories/GHSA-3v7f-55p6-f55p',
149 silly audit report       title: 'Picomatch: Method Injection in POSIX Character Classes causes incorrect Glob Matching',
149 silly audit report       severity: 'moderate',
149 silly audit report       vulnerable_versions: '>=4.0.0 <4.0.4',
149 silly audit report       cwe: [Array],
149 silly audit report       cvss: [Object]
149 silly audit report     },
149 silly audit report     {
149 silly audit report       id: 1115552,
149 silly audit report       url: 'https://github.com/advisories/GHSA-c2c7-rcm5-vvqj',
149 silly audit report       title: 'Picomatch has a ReDoS vulnerability via extglob quantifiers',
149 silly audit report       severity: 'high',
149 silly audit report       vulnerable_versions: '<2.3.2',
149 silly audit report       cwe: [Array],
149 silly audit report       cvss: [Object]
149 silly audit report     },
149 silly audit report     {
149 silly audit report       id: 1115554,
149 silly audit report       url: 'https://github.com/advisories/GHSA-c2c7-rcm5-vvqj',
149 silly audit report       title: 'Picomatch has a ReDoS vulnerability via extglob quantifiers',
149 silly audit report       severity: 'high',
149 silly audit report       vulnerable_versions: '>=4.0.0 <4.0.4',
149 silly audit report       cwe: [Array],
149 silly audit report       cvss: [Object]
149 silly audit report     }
149 silly audit report   ],
149 silly audit report   'socket.io-parser': [
149 silly audit report     {
149 silly audit report       id: 1115154,
149 silly audit report       url: 'https://github.com/advisories/GHSA-677m-j7p3-52f9',
149 silly audit report       title: 'socket.io allows an unbounded number of binary attachments',
149 silly audit report       severity: 'high',
149 silly audit report       vulnerable_versions: '>=4.0.0 <4.2.6',
149 silly audit report       cwe: [Array],
149 silly audit report       cvss: [Object]
149 silly audit report     }
149 silly audit report   ]
149 silly audit report }
150 silly packumentCache corgi:https://registry.npmjs.org/brace-expansion cache-miss
151 silly packumentCache corgi:https://registry.npmjs.org/flatted cache-miss
152 silly packumentCache corgi:https://registry.npmjs.org/next cache-miss
153 silly packumentCache corgi:https://registry.npmjs.org/picomatch cache-miss
154 silly packumentCache corgi:https://registry.npmjs.org/socket.io-parser cache-miss
155 http fetch GET 200 https://registry.npmjs.org/brace-expansion 330ms (cache revalidated)
156 silly packumentCache corgi:https://registry.npmjs.org/brace-expansion set size:21298 disposed:false
157 http fetch GET 200 https://registry.npmjs.org/picomatch 343ms (cache revalidated)
158 silly packumentCache corgi:https://registry.npmjs.org/picomatch set size:44414 disposed:false
159 http fetch GET 200 https://registry.npmjs.org/socket.io-parser 345ms (cache revalidated)
160 silly packumentCache corgi:https://registry.npmjs.org/socket.io-parser set size:66292 disposed:false
161 http fetch GET 200 https://registry.npmjs.org/mquery/-/mquery-6.0.0.tgz 1049ms (cache miss)
162 http fetch GET 200 https://registry.npmjs.org/@types/whatwg-url/-/whatwg-url-13.0.0.tgz 1122ms (cache miss)
163 http fetch GET 200 https://registry.npmjs.org/flatted 657ms (cache revalidated)
164 silly packumentCache corgi:https://registry.npmjs.org/flatted set size:57858 disposed:false
165 http fetch GET 200 https://registry.npmjs.org/kareem/-/kareem-3.2.0.tgz 1382ms (cache miss)
166 http fetch GET 200 https://registry.npmjs.org/bson/-/bson-7.2.0.tgz 2544ms (cache miss)
167 http fetch GET 200 https://registry.npmjs.org/next 3986ms (cache updated)
168 silly packumentCache corgi:https://registry.npmjs.org/next set size:undefined disposed:false
169 silly packumentCache corgi:https://registry.npmjs.org/minimatch cache-miss
170 http fetch GET 200 https://registry.npmjs.org/minimatch 235ms (cache updated)
171 silly packumentCache corgi:https://registry.npmjs.org/minimatch set size:undefined disposed:false
172 silly packumentCache corgi:https://registry.npmjs.org/flat-cache cache-miss
173 http fetch GET 200 https://registry.npmjs.org/flat-cache 53ms (cache revalidated)
174 silly packumentCache corgi:https://registry.npmjs.org/flat-cache set size:50282 disposed:false
175 silly packumentCache corgi:https://registry.npmjs.org/micromatch cache-miss
176 http fetch GET 200 https://registry.npmjs.org/micromatch 182ms (cache revalidated)
177 silly packumentCache corgi:https://registry.npmjs.org/micromatch set size:71776 disposed:false
178 silly packumentCache corgi:https://registry.npmjs.org/tinyglobby cache-miss
179 silly packumentCache corgi:https://registry.npmjs.org/fdir cache-miss
180 http fetch GET 200 https://registry.npmjs.org/fdir 308ms (cache revalidated)
181 silly packumentCache corgi:https://registry.npmjs.org/fdir set size:76905 disposed:false
182 http fetch GET 200 https://registry.npmjs.org/tinyglobby 395ms (cache revalidated)
183 silly packumentCache corgi:https://registry.npmjs.org/tinyglobby set size:17847 disposed:false
184 silly packumentCache corgi:https://registry.npmjs.org/socket.io-client cache-miss
185 http fetch GET 200 https://registry.npmjs.org/socket.io-client 80ms (cache revalidated)
186 silly packumentCache corgi:https://registry.npmjs.org/socket.io-client set size:195399 disposed:false
187 http fetch GET 200 https://registry.npmjs.org/mongoose/-/mongoose-9.3.3.tgz 7588ms (cache miss)
188 http fetch GET 200 https://registry.npmjs.org/mongodb/-/mongodb-7.1.1.tgz 8529ms (cache miss)
189 silly ADD node_modules/webidl-conversions
190 silly ADD node_modules/tr46
191 silly ADD node_modules/memory-pager
192 silly ADD node_modules/@types/webidl-conversions
193 silly ADD node_modules/whatwg-url
194 silly ADD node_modules/@types/whatwg-url
195 silly ADD node_modules/sparse-bitfield
196 silly ADD node_modules/mongodb-connection-string-url
197 silly ADD node_modules/bson
198 silly ADD node_modules/@mongodb-js/saslprep
199 silly ADD node_modules/sift
200 silly ADD node_modules/mquery
201 silly ADD node_modules/mpath
202 silly ADD node_modules/mongodb
203 silly ADD node_modules/kareem
204 silly ADD node_modules/mongoose
205 verbose cwd C:\Users\rasha\OneDrive\Documents\go ride 2\frontend
206 verbose os Windows_NT 10.0.26200
207 verbose node v22.17.0
208 verbose npm  v11.7.0
209 verbose exit 0
210 info ok
