0 verbose cli C:\Program Files\nodejs\node.exe C:\Users\rasha\AppData\Roaming\npm\node_modules\npm\bin\npm-cli.js
1 info using npm@11.7.0
2 info using node@v22.17.0
3 silly config load:file:C:\Users\rasha\AppData\Roaming\npm\node_modules\npm\npmrc
4 silly config load:file:C:\Users\rasha\OneDrive\Documents\go ride 2\frontend\.npmrc
5 silly config load:file:C:\Users\rasha\.npmrc
6 silly config load:file:C:\Users\rasha\AppData\Roaming\npm\etc\npmrc
7 verbose title npm install
8 verbose argv "install" "--cache" ".npm-cache"
9 verbose logfile logs-max:10 dir:C:\Users\rasha\OneDrive\Documents\go ride 2\frontend\.npm-cache\_logs\2026-03-30T12_44_30_146Z-
10 verbose logfile C:\Users\rasha\OneDrive\Documents\go ride 2\frontend\.npm-cache\_logs\2026-03-30T12_44_30_146Z-debug-0.log
11 silly logfile done cleaning log files
12 silly packumentCache heap:2197815296 maxSize:549453824 maxEntrySize:274726912
13 silly idealTree buildDeps
14 silly fetch manifest mongoose@^8.19.2
15 silly packumentCache full:https://registry.npmjs.org/mongoose cache-miss
16 http fetch GET 200 https://registry.npmjs.org/npm 527ms
17 http fetch GET 200 https://registry.npmjs.org/mongoose 311ms (cache miss)
18 silly packumentCache full:https://registry.npmjs.org/mongoose set size:undefined disposed:false
19 silly placeDep ROOT mongoose@8.23.0 OK for: my-next-app@0.1.0 want: ^8.19.2
20 silly fetch manifest bson@^6.10.4
21 silly packumentCache full:https://registry.npmjs.org/bson cache-miss
22 silly fetch manifest sift@17.1.3
23 silly packumentCache full:https://registry.npmjs.org/sift cache-miss
24 silly fetch manifest mpath@0.9.0
25 silly packumentCache full:https://registry.npmjs.org/mpath cache-miss
26 silly fetch manifest kareem@2.6.3
27 silly packumentCache full:https://registry.npmjs.org/kareem cache-miss
28 silly fetch manifest mquery@5.0.0
29 silly packumentCache full:https://registry.npmjs.org/mquery cache-miss
30 silly fetch manifest mongodb@~6.20.0
31 silly packumentCache full:https://registry.npmjs.org/mongodb cache-miss
32 http fetch GET 200 https://registry.npmjs.org/bson 350ms (cache miss)
33 silly packumentCache full:https://registry.npmjs.org/bson set size:undefined disposed:false
34 http fetch GET 200 https://registry.npmjs.org/sift 380ms (cache miss)
35 silly packumentCache full:https://registry.npmjs.org/sift set size:undefined disposed:false
36 http fetch GET 200 https://registry.npmjs.org/mpath 416ms (cache miss)
37 silly packumentCache full:https://registry.npmjs.org/mpath set size:undefined disposed:false
38 http fetch GET 200 https://registry.npmjs.org/mquery 425ms (cache miss)
39 silly packumentCache full:https://registry.npmjs.org/mquery set size:undefined disposed:false
40 http fetch GET 200 https://registry.npmjs.org/kareem 429ms (cache miss)
41 silly packumentCache full:https://registry.npmjs.org/kareem set size:undefined disposed:false
42 http fetch GET 200 https://registry.npmjs.org/mongodb 463ms (cache miss)
43 silly packumentCache full:https://registry.npmjs.org/mongodb set size:undefined disposed:false
44 silly fetch manifest @aws-sdk/credential-providers@^3.188.0
45 silly packumentCache full:https://registry.npmjs.org/@aws-sdk%2fcredential-providers cache-miss
46 http fetch GET 200 https://registry.npmjs.org/@aws-sdk%2fcredential-providers 1498ms (cache miss)
47 silly packumentCache full:https://registry.npmjs.org/@aws-sdk%2fcredential-providers set size:undefined disposed:false
48 silly fetch manifest @mongodb-js/zstd@^1.1.0 || ^2.0.0
49 silly packumentCache full:https://registry.npmjs.org/@mongodb-js%2fzstd cache-miss
50 http fetch GET 200 https://registry.npmjs.org/@mongodb-js%2fzstd 801ms (cache miss)
51 silly packumentCache full:https://registry.npmjs.org/@mongodb-js%2fzstd set size:undefined disposed:false
52 silly fetch manifest gcp-metadata@^5.2.0
53 silly packumentCache full:https://registry.npmjs.org/gcp-metadata cache-miss
54 http fetch GET 200 https://registry.npmjs.org/gcp-metadata 323ms (cache miss)
55 silly packumentCache full:https://registry.npmjs.org/gcp-metadata set size:undefined disposed:false
56 silly fetch manifest kerberos@^2.0.1
57 silly packumentCache full:https://registry.npmjs.org/kerberos cache-miss
58 http fetch GET 200 https://registry.npmjs.org/kerberos 902ms (cache miss)
59 silly packumentCache full:https://registry.npmjs.org/kerberos set size:undefined disposed:false
60 silly fetch manifest mongodb-client-encryption@>=6.0.0 <7
61 silly packumentCache full:https://registry.npmjs.org/mongodb-client-encryption cache-miss
62 http fetch GET 200 https://registry.npmjs.org/mongodb-client-encryption 320ms (cache miss)
63 silly packumentCache full:https://registry.npmjs.org/mongodb-client-encryption set size:undefined disposed:false
64 silly fetch manifest snappy@^7.3.2
65 silly packumentCache full:https://registry.npmjs.org/snappy cache-miss
66 http fetch GET 200 https://registry.npmjs.org/snappy 333ms (cache miss)
67 silly packumentCache full:https://registry.npmjs.org/snappy set size:undefined disposed:false
68 silly fetch manifest socks@^2.7.1
69 silly packumentCache full:https://registry.npmjs.org/socks cache-miss
70 http fetch GET 200 https://registry.npmjs.org/socks 36ms (cache miss)
71 silly packumentCache full:https://registry.npmjs.org/socks set size:undefined disposed:false
72 silly placeDep ROOT bson@6.10.4 OK for: mongoose@8.23.0 want: ^6.10.4
73 silly placeDep ROOT kareem@2.6.3 OK for: mongoose@8.23.0 want: 2.6.3
74 silly placeDep ROOT mongodb@6.20.0 OK for: mongoose@8.23.0 want: ~6.20.0
75 silly placeDep ROOT mpath@0.9.0 OK for: mongoose@8.23.0 want: 0.9.0
76 silly placeDep ROOT mquery@5.0.0 OK for: mongoose@8.23.0 want: 5.0.0
77 silly placeDep ROOT sift@17.1.3 OK for: mongoose@8.23.0 want: 17.1.3
78 silly fetch manifest @mongodb-js/saslprep@^1.3.0
79 silly packumentCache full:https://registry.npmjs.org/@mongodb-js%2fsaslprep cache-miss
80 silly fetch manifest mongodb-connection-string-url@^3.0.2
81 silly packumentCache full:https://registry.npmjs.org/mongodb-connection-string-url cache-miss
82 http fetch GET 200 https://registry.npmjs.org/mongodb-connection-string-url 309ms (cache miss)
83 silly packumentCache full:https://registry.npmjs.org/mongodb-connection-string-url set size:undefined disposed:false
84 http fetch GET 200 https://registry.npmjs.org/@mongodb-js%2fsaslprep 838ms (cache miss)
85 silly packumentCache full:https://registry.npmjs.org/@mongodb-js%2fsaslprep set size:undefined disposed:false
86 silly placeDep ROOT @mongodb-js/saslprep@1.4.6 OK for: mongodb@6.20.0 want: ^1.3.0
87 silly placeDep ROOT mongodb-connection-string-url@3.0.2 OK for: mongodb@6.20.0 want: ^3.0.2
88 silly fetch manifest sparse-bitfield@^3.0.3
89 silly packumentCache full:https://registry.npmjs.org/sparse-bitfield cache-miss
90 silly fetch manifest whatwg-url@^14.1.0 || ^13.0.0
91 silly packumentCache full:https://registry.npmjs.org/whatwg-url cache-miss
92 silly fetch manifest @types/whatwg-url@^11.0.2
93 silly packumentCache full:https://registry.npmjs.org/@types%2fwhatwg-url cache-miss
94 http fetch GET 200 https://registry.npmjs.org/sparse-bitfield 46ms (cache miss)
95 silly packumentCache full:https://registry.npmjs.org/sparse-bitfield set size:undefined disposed:false
96 http fetch GET 200 https://registry.npmjs.org/whatwg-url 48ms (cache miss)
97 silly packumentCache full:https://registry.npmjs.org/whatwg-url set size:undefined disposed:false
98 http fetch GET 200 https://registry.npmjs.org/@types%2fwhatwg-url 647ms (cache miss)
99 silly packumentCache full:https://registry.npmjs.org/@types%2fwhatwg-url set size:undefined disposed:false
100 silly placeDep ROOT sparse-bitfield@3.0.3 OK for: @mongodb-js/saslprep@1.4.6 want: ^3.0.3
101 silly fetch manifest memory-pager@^1.0.2
102 silly packumentCache full:https://registry.npmjs.org/memory-pager cache-miss
103 http fetch GET 200 https://registry.npmjs.org/memory-pager 338ms (cache miss)
104 silly packumentCache full:https://registry.npmjs.org/memory-pager set size:undefined disposed:false
105 silly placeDep ROOT @types/whatwg-url@11.0.5 OK for: mongodb-connection-string-url@3.0.2 want: ^11.0.2
106 silly placeDep ROOT whatwg-url@14.2.0 OK for: mongodb-connection-string-url@3.0.2 want: ^14.1.0 || ^13.0.0
107 silly fetch manifest @types/webidl-conversions@*
108 silly packumentCache full:https://registry.npmjs.org/@types%2fwebidl-conversions cache-miss
109 silly fetch manifest tr46@^5.1.0
110 silly packumentCache full:https://registry.npmjs.org/tr46 cache-miss
111 silly fetch manifest webidl-conversions@^7.0.0
112 silly packumentCache full:https://registry.npmjs.org/webidl-conversions cache-miss
113 http fetch GET 200 https://registry.npmjs.org/webidl-conversions 39ms (cache miss)
114 silly packumentCache full:https://registry.npmjs.org/webidl-conversions set size:undefined disposed:false
115 http fetch GET 200 https://registry.npmjs.org/tr46 47ms (cache miss)
116 silly packumentCache full:https://registry.npmjs.org/tr46 set size:undefined disposed:false
117 http fetch GET 200 https://registry.npmjs.org/@types%2fwebidl-conversions 625ms (cache miss)
118 silly packumentCache full:https://registry.npmjs.org/@types%2fwebidl-conversions set size:undefined disposed:false
119 silly placeDep ROOT @types/webidl-conversions@7.0.3 OK for: @types/whatwg-url@11.0.5 want: *
120 silly placeDep ROOT memory-pager@1.5.0 OK for: sparse-bitfield@3.0.3 want: ^1.0.2
121 silly placeDep ROOT tr46@5.1.1 OK for: whatwg-url@14.2.0 want: ^5.1.0
122 silly placeDep ROOT webidl-conversions@7.0.0 OK for: whatwg-url@14.2.0 want: ^7.0.0
123 silly reify moves {}
124 silly audit bulk request {
124 silly audit   '@alloc/quick-lru': [ '5.2.0' ],
124 silly audit   '@babel/code-frame': [ '7.29.0' ],
124 silly audit   '@babel/compat-data': [ '7.29.0' ],
124 silly audit   '@babel/core': [ '7.29.0' ],
124 silly audit   '@babel/generator': [ '7.29.1' ],
124 silly audit   '@babel/helper-compilation-targets': [ '7.28.6' ],
124 silly audit   '@babel/helper-globals': [ '7.28.0' ],
124 silly audit   '@babel/helper-module-imports': [ '7.28.6' ],
124 silly audit   '@babel/helper-module-transforms': [ '7.28.6' ],
124 silly audit   '@babel/helper-string-parser': [ '7.27.1' ],
124 silly audit   '@babel/helper-validator-identifier': [ '7.28.5' ],
124 silly audit   '@babel/helper-validator-option': [ '7.27.1' ],
124 silly audit   '@babel/helpers': [ '7.28.6' ],
124 silly audit   '@babel/parser': [ '7.29.0' ],
124 silly audit   '@babel/template': [ '7.28.6' ],
124 silly audit   '@babel/traverse': [ '7.29.0' ],
124 silly audit   '@babel/types': [ '7.29.0' ],
124 silly audit   '@emnapi/core': [ '1.8.1' ],
124 silly audit   '@emnapi/runtime': [ '1.8.1' ],
124 silly audit   '@emnapi/wasi-threads': [ '1.1.0' ],
124 silly audit   '@eslint-community/eslint-utils': [ '4.9.1' ],
124 silly audit   'eslint-visitor-keys': [ '3.4.3', '5.0.1', '4.2.1' ],
124 silly audit   '@eslint-community/regexpp': [ '4.12.2' ],
124 silly audit   '@eslint/config-array': [ '0.21.1' ],
124 silly audit   '@eslint/config-helpers': [ '0.4.2' ],
124 silly audit   '@eslint/core': [ '0.17.0' ],
124 silly audit   '@eslint/eslintrc': [ '3.3.4' ],
124 silly audit   '@eslint/js': [ '9.39.3' ],
124 silly audit   '@eslint/object-schema': [ '2.1.7' ],
124 silly audit   '@eslint/plugin-kit': [ '0.4.1' ],
124 silly audit   '@humanfs/core': [ '0.19.1' ],
124 silly audit   '@humanfs/node': [ '0.16.7' ],
124 silly audit   '@humanwhocodes/module-importer': [ '1.0.1' ],
124 silly audit   '@humanwhocodes/retry': [ '0.4.3' ],
124 silly audit   '@img/colour': [ '1.1.0' ],
124 silly audit   '@img/sharp-darwin-arm64': [ '0.34.5' ],
124 silly audit   '@img/sharp-darwin-x64': [ '0.34.5' ],
124 silly audit   '@img/sharp-libvips-darwin-arm64': [ '1.2.4' ],
124 silly audit   '@img/sharp-libvips-darwin-x64': [ '1.2.4' ],
124 silly audit   '@img/sharp-libvips-linux-arm': [ '1.2.4' ],
124 silly audit   '@img/sharp-libvips-linux-arm64': [ '1.2.4' ],
124 silly audit   '@img/sharp-libvips-linux-ppc64': [ '1.2.4' ],
124 silly audit   '@img/sharp-libvips-linux-riscv64': [ '1.2.4' ],
124 silly audit   '@img/sharp-libvips-linux-s390x': [ '1.2.4' ],
124 silly audit   '@img/sharp-libvips-linux-x64': [ '1.2.4' ],
124 silly audit   '@img/sharp-libvips-linuxmusl-arm64': [ '1.2.4' ],
124 silly audit   '@img/sharp-libvips-linuxmusl-x64': [ '1.2.4' ],
124 silly audit   '@img/sharp-linux-arm': [ '0.34.5' ],
124 silly audit   '@img/sharp-linux-arm64': [ '0.34.5' ],
124 silly audit   '@img/sharp-linux-ppc64': [ '0.34.5' ],
124 silly audit   '@img/sharp-linux-riscv64': [ '0.34.5' ],
124 silly audit   '@img/sharp-linux-s390x': [ '0.34.5' ],
124 silly audit   '@img/sharp-linux-x64': [ '0.34.5' ],
124 silly audit   '@img/sharp-linuxmusl-arm64': [ '0.34.5' ],
124 silly audit   '@img/sharp-linuxmusl-x64': [ '0.34.5' ],
124 silly audit   '@img/sharp-wasm32': [ '0.34.5' ],
124 silly audit   '@img/sharp-win32-arm64': [ '0.34.5' ],
124 silly audit   '@img/sharp-win32-ia32': [ '0.34.5' ],
124 silly audit   '@img/sharp-win32-x64': [ '0.34.5' ],
124 silly audit   '@jridgewell/gen-mapping': [ '0.3.13' ],
124 silly audit   '@jridgewell/remapping': [ '2.3.5' ],
124 silly audit   '@jridgewell/resolve-uri': [ '3.1.2' ],
124 silly audit   '@jridgewell/sourcemap-codec': [ '1.5.5' ],
124 silly audit   '@jridgewell/trace-mapping': [ '0.3.31' ],
124 silly audit   '@napi-rs/wasm-runtime': [ '0.2.12' ],
124 silly audit   '@next/env': [ '16.1.6' ],
124 silly audit   '@next/eslint-plugin-next': [ '16.1.6' ],
124 silly audit   '@next/swc-darwin-arm64': [ '16.1.6' ],
124 silly audit   '@next/swc-darwin-x64': [ '16.1.6' ],
124 silly audit   '@next/swc-linux-arm64-gnu': [ '16.1.6' ],
124 silly audit   '@next/swc-linux-arm64-musl': [ '16.1.6' ],
124 silly audit   '@next/swc-linux-x64-gnu': [ '16.1.6' ],
124 silly audit   '@next/swc-linux-x64-musl': [ '16.1.6' ],
124 silly audit   '@next/swc-win32-arm64-msvc': [ '16.1.6' ],
124 silly audit   '@next/swc-win32-x64-msvc': [ '16.1.6' ],
124 silly audit   '@nodelib/fs.scandir': [ '2.1.5' ],
124 silly audit   '@nodelib/fs.stat': [ '2.0.5' ],
124 silly audit   '@nodelib/fs.walk': [ '1.2.8' ],
124 silly audit   '@nolyfill/is-core-module': [ '1.0.39' ],
124 silly audit   '@react-leaflet/core': [ '3.0.0' ],
124 silly audit   '@rtsao/scc': [ '1.1.0' ],
124 silly audit   '@socket.io/component-emitter': [ '3.1.2' ],
124 silly audit   '@swc/helpers': [ '0.5.15' ],
124 silly audit   '@tailwindcss/node': [ '4.2.1' ],
124 silly audit   '@tailwindcss/oxide': [ '4.2.1' ],
124 silly audit   '@tailwindcss/oxide-android-arm64': [ '4.2.1' ],
124 silly audit   '@tailwindcss/oxide-darwin-arm64': [ '4.2.1' ],
124 silly audit   '@tailwindcss/oxide-darwin-x64': [ '4.2.1' ],
124 silly audit   '@tailwindcss/oxide-freebsd-x64': [ '4.2.1' ],
124 silly audit   '@tailwindcss/oxide-linux-arm-gnueabihf': [ '4.2.1' ],
124 silly audit   '@tailwindcss/oxide-linux-arm64-gnu': [ '4.2.1' ],
124 silly audit   '@tailwindcss/oxide-linux-arm64-musl': [ '4.2.1' ],
124 silly audit   '@tailwindcss/oxide-linux-x64-gnu': [ '4.2.1' ],
124 silly audit   '@tailwindcss/oxide-linux-x64-musl': [ '4.2.1' ],
124 silly audit   '@tailwindcss/oxide-wasm32-wasi': [ '4.2.1' ],
124 silly audit   '@tailwindcss/oxide-win32-arm64-msvc': [ '4.2.1' ],
124 silly audit   '@tailwindcss/oxide-win32-x64-msvc': [ '4.2.1' ],
124 silly audit   '@tailwindcss/postcss': [ '4.2.1' ],
124 silly audit   '@tanstack/query-core': [ '5.90.20' ],
124 silly audit   '@tanstack/query-devtools': [ '5.93.0' ],
124 silly audit   '@tanstack/react-query': [ '5.90.21' ],
124 silly audit   '@tanstack/react-query-devtools': [ '5.91.3' ],
124 silly audit   '@tybys/wasm-util': [ '0.10.1' ],
124 silly audit   '@types/estree': [ '1.0.8' ],
124 silly audit   '@types/geojson': [ '7946.0.16' ],
124 silly audit   '@types/json-schema': [ '7.0.15' ],
124 silly audit   '@types/json5': [ '0.0.29' ],
124 silly audit   '@types/leaflet': [ '1.9.21' ],
124 silly audit   '@types/node': [ '20.19.37' ],
124 silly audit   '@types/react': [ '19.2.14' ],
124 silly audit   '@types/react-dom': [ '19.2.3' ],
124 silly audit   '@typescript-eslint/eslint-plugin': [ '8.56.1' ],
124 silly audit   ignore: [ '7.0.5', '5.3.2' ],
124 silly audit   '@typescript-eslint/parser': [ '8.56.1' ],
124 silly audit   '@typescript-eslint/project-service': [ '8.56.1' ],
124 silly audit   '@typescript-eslint/scope-manager': [ '8.56.1' ],
124 silly audit   '@typescript-eslint/tsconfig-utils': [ '8.56.1' ],
124 silly audit   '@typescript-eslint/type-utils': [ '8.56.1' ],
124 silly audit   '@typescript-eslint/types': [ '8.56.1' ],
124 silly audit   '@typescript-eslint/typescript-estree': [ '8.56.1' ],
124 silly audit   'balanced-match': [ '4.0.4', '1.0.2' ],
124 silly audit   'brace-expansion': [ '5.0.4', '1.1.12' ],
124 silly audit   minimatch: [ '10.2.4', '3.1.5' ],
124 silly audit   semver: [ '7.7.4', '6.3.1' ],
124 silly audit   '@typescript-eslint/utils': [ '8.56.1' ],
124 silly audit   '@typescript-eslint/visitor-keys': [ '8.56.1' ],
124 silly audit   '@unrs/resolver-binding-android-arm-eabi': [ '1.11.1' ],
124 silly audit   '@unrs/resolver-binding-android-arm64': [ '1.11.1' ],
124 silly audit   '@unrs/resolver-binding-darwin-arm64': [ '1.11.1' ],
124 silly audit   '@unrs/resolver-binding-darwin-x64': [ '1.11.1' ],
124 silly audit   '@unrs/resolver-binding-freebsd-x64': [ '1.11.1' ],
124 silly audit   '@unrs/resolver-binding-linux-arm-gnueabihf': [ '1.11.1' ],
124 silly audit   '@unrs/resolver-binding-linux-arm-musleabihf': [ '1.11.1' ],
124 silly audit   '@unrs/resolver-binding-linux-arm64-gnu': [ '1.11.1' ],
124 silly audit   '@unrs/resolver-binding-linux-arm64-musl': [ '1.11.1' ],
124 silly audit   '@unrs/resolver-binding-linux-ppc64-gnu': [ '1.11.1' ],
124 silly audit   '@unrs/resolver-binding-linux-riscv64-gnu': [ '1.11.1' ],
124 silly audit   '@unrs/resolver-binding-linux-riscv64-musl': [ '1.11.1' ],
124 silly audit   '@unrs/resolver-binding-linux-s390x-gnu': [ '1.11.1' ],
124 silly audit   '@unrs/resolver-binding-linux-x64-gnu': [ '1.11.1' ],
124 silly audit   '@unrs/resolver-binding-linux-x64-musl': [ '1.11.1' ],
124 silly audit   '@unrs/resolver-binding-wasm32-wasi': [ '1.11.1' ],
124 silly audit   '@unrs/resolver-binding-win32-arm64-msvc': [ '1.11.1' ],
124 silly audit   '@unrs/resolver-binding-win32-ia32-msvc': [ '1.11.1' ],
124 silly audit   '@unrs/resolver-binding-win32-x64-msvc': [ '1.11.1' ],
124 silly audit   acorn: [ '8.16.0' ],
124 silly audit   'acorn-jsx': [ '5.3.2' ],
124 silly audit   ajv: [ '6.14.0' ],
124 silly audit   'ansi-styles': [ '4.3.0' ],
124 silly audit   argparse: [ '2.0.1' ],
124 silly audit   'aria-query': [ '5.3.2' ],
124 silly audit   'array-buffer-byte-length': [ '1.0.2' ],
124 silly audit   'array-includes': [ '3.1.9' ],
124 silly audit   'array.prototype.findlast': [ '1.2.5' ],
124 silly audit   'array.prototype.findlastindex': [ '1.2.6' ],
124 silly audit   'array.prototype.flat': [ '1.3.3' ],
124 silly audit   'array.prototype.flatmap': [ '1.3.3' ],
124 silly audit   'array.prototype.tosorted': [ '1.1.4' ],
124 silly audit   'arraybuffer.prototype.slice': [ '1.0.4' ],
124 silly audit   'ast-types-flow': [ '0.0.8' ],
124 silly audit   'async-function': [ '1.0.0' ],
124 silly audit   asynckit: [ '0.4.0' ],
124 silly audit   'available-typed-arrays': [ '1.0.7' ],
124 silly audit   'axe-core': [ '4.11.1' ],
124 silly audit   axios: [ '1.13.6' ],
124 silly audit   'axobject-query': [ '4.1.0' ],
124 silly audit   'baseline-browser-mapping': [ '2.10.0' ],
124 silly audit   braces: [ '3.0.3' ],
124 silly audit   browserslist: [ '4.28.1' ],
124 silly audit   'call-bind': [ '1.0.8' ],
124 silly audit   'call-bind-apply-helpers': [ '1.0.2' ],
124 silly audit   'call-bound': [ '1.0.4' ],
124 silly audit   callsites: [ '3.1.0' ],
124 silly audit   'caniuse-lite': [ '1.0.30001777' ],
124 silly audit   chalk: [ '4.1.2' ],
124 silly audit   'client-only': [ '0.0.1' ],
124 silly audit   'color-convert': [ '2.0.1' ],
124 silly audit   'color-name': [ '1.1.4' ],
124 silly audit   'combined-stream': [ '1.0.8' ],
124 silly audit   'concat-map': [ '0.0.1' ],
124 silly audit   'convert-source-map': [ '2.0.0' ],
124 silly audit   'cross-spawn': [ '7.0.6' ],
124 silly audit   csstype: [ '3.2.3' ],
124 silly audit   'damerau-levenshtein': [ '1.0.8' ],
124 silly audit   'data-view-buffer': [ '1.0.2' ],
124 silly audit   'data-view-byte-length': [ '1.0.2' ],
124 silly audit   'data-view-byte-offset': [ '1.0.1' ],
124 silly audit   'date-fns': [ '4.1.0' ],
124 silly audit   debug: [ '4.4.3', '3.2.7' ],
124 silly audit   'deep-is': [ '0.1.4' ],
124 silly audit   'define-data-property': [ '1.1.4' ],
124 silly audit   'define-properties': [ '1.2.1' ],
124 silly audit   'delayed-stream': [ '1.0.0' ],
124 silly audit   'detect-libc': [ '2.1.2' ],
124 silly audit   doctrine: [ '2.1.0' ],
124 silly audit   'dunder-proto': [ '1.0.1' ],
124 silly audit   'electron-to-chromium': [ '1.5.307' ],
124 silly audit   'emoji-regex': [ '9.2.2' ],
124 silly audit   'engine.io-client': [ '6.6.4' ],
124 silly audit   'engine.io-parser': [ '5.2.3' ],
124 silly audit   'enhanced-resolve': [ '5.20.0' ],
124 silly audit   'es-abstract': [ '1.24.1' ],
124 silly audit   'es-define-property': [ '1.0.1' ],
124 silly audit   'es-errors': [ '1.3.0' ],
124 silly audit   'es-iterator-helpers': [ '1.2.2' ],
124 silly audit   'es-object-atoms': [ '1.1.1' ],
124 silly audit   'es-set-tostringtag': [ '2.1.0' ],
124 silly audit   'es-shim-unscopables': [ '1.1.0' ],
124 silly audit   'es-to-primitive': [ '1.3.0' ],
124 silly audit   escalade: [ '3.2.0' ],
124 silly audit   'escape-string-regexp': [ '4.0.0' ],
124 silly audit   eslint: [ '9.39.3' ],
124 silly audit   'eslint-config-next': [ '16.1.6' ],
124 silly audit   globals: [ '16.4.0', '14.0.0' ],
124 silly audit   'eslint-import-resolver-node': [ '0.3.9' ],
124 silly audit   'eslint-import-resolver-typescript': [ '3.10.1' ],
124 silly audit   'eslint-module-utils': [ '2.12.1' ],
124 silly audit   'eslint-plugin-import': [ '2.32.0' ],
124 silly audit   'eslint-plugin-jsx-a11y': [ '6.10.2' ],
124 silly audit   'eslint-plugin-react': [ '7.37.5' ],
124 silly audit   'eslint-plugin-react-hooks': [ '7.0.1' ],
124 silly audit   resolve: [ '2.0.0-next.6', '1.22.11' ],
124 silly audit   'eslint-scope': [ '8.4.0' ],
124 silly audit   espree: [ '10.4.0' ],
124 silly audit   esquery: [ '1.7.0' ],
124 silly audit   esrecurse: [ '4.3.0' ],
124 silly audit   estraverse: [ '5.3.0' ],
124 silly audit   esutils: [ '2.0.3' ],
124 silly audit   'fast-deep-equal': [ '3.1.3' ],
124 silly audit   'fast-glob': [ '3.3.1' ],
124 silly audit   'glob-parent': [ '5.1.2', '6.0.2' ],
124 silly audit   'fast-json-stable-stringify': [ '2.1.0' ],
124 silly audit   'fast-levenshtein': [ '2.0.6' ],
124 silly audit   fastq: [ '1.20.1' ],
124 silly audit   'file-entry-cache': [ '8.0.0' ],
124 silly audit   'fill-range': [ '7.1.1' ],
124 silly audit   'find-up': [ '5.0.0' ],
124 silly audit   'flat-cache': [ '4.0.1' ],
124 silly audit   flatted: [ '3.3.4' ],
124 silly audit   'follow-redirects': [ '1.15.11' ],
124 silly audit   'for-each': [ '0.3.5' ],
124 silly audit   'form-data': [ '4.0.5' ],
124 silly audit   'function-bind': [ '1.1.2' ],
124 silly audit   'function.prototype.name': [ '1.1.8' ],
124 silly audit   'functions-have-names': [ '1.2.3' ],
124 silly audit   'generator-function': [ '2.0.1' ],
124 silly audit   gensync: [ '1.0.0-beta.2' ],
124 silly audit   'get-intrinsic': [ '1.3.0' ],
124 silly audit   'get-proto': [ '1.0.1' ],
124 silly audit   'get-symbol-description': [ '1.1.0' ],
124 silly audit   'get-tsconfig': [ '4.13.6' ],
124 silly audit   globalthis: [ '1.0.4' ],
124 silly audit   goober: [ '2.1.18' ],
124 silly audit   gopd: [ '1.2.0' ],
124 silly audit   'graceful-fs': [ '4.2.11' ],
124 silly audit   'has-bigints': [ '1.1.0' ],
124 silly audit   'has-flag': [ '4.0.0' ],
124 silly audit   'has-property-descriptors': [ '1.0.2' ],
124 silly audit   'has-proto': [ '1.2.0' ],
124 silly audit   'has-symbols': [ '1.1.0' ],
124 silly audit   'has-tostringtag': [ '1.0.2' ],
124 silly audit   hasown: [ '2.0.2' ],
124 silly audit   'hermes-estree': [ '0.25.1' ],
124 silly audit   'hermes-parser': [ '0.25.1' ],
124 silly audit   'import-fresh': [ '3.3.1' ],
124 silly audit   imurmurhash: [ '0.1.4' ],
124 silly audit   'internal-slot': [ '1.1.0' ],
124 silly audit   'is-array-buffer': [ '3.0.5' ],
124 silly audit   'is-async-function': [ '2.1.1' ],
124 silly audit   'is-bigint': [ '1.1.0' ],
124 silly audit   'is-boolean-object': [ '1.2.2' ],
124 silly audit   'is-bun-module': [ '2.0.0' ],
124 silly audit   'is-callable': [ '1.2.7' ],
124 silly audit   'is-core-module': [ '2.16.1' ],
124 silly audit   'is-data-view': [ '1.0.2' ],
124 silly audit   'is-date-object': [ '1.1.0' ],
124 silly audit   'is-extglob': [ '2.1.1' ],
124 silly audit   'is-finalizationregistry': [ '1.1.1' ],
124 silly audit   'is-generator-function': [ '1.1.2' ],
124 silly audit   'is-glob': [ '4.0.3' ],
124 silly audit   'is-map': [ '2.0.3' ],
124 silly audit   'is-negative-zero': [ '2.0.3' ],
124 silly audit   'is-number': [ '7.0.0' ],
124 silly audit   'is-number-object': [ '1.1.1' ],
124 silly audit   'is-regex': [ '1.2.1' ],
124 silly audit   'is-set': [ '2.0.3' ],
124 silly audit   'is-shared-array-buffer': [ '1.0.4' ],
124 silly audit   'is-string': [ '1.1.1' ],
124 silly audit   'is-symbol': [ '1.1.1' ],
124 silly audit   'is-typed-array': [ '1.1.15' ],
124 silly audit   'is-weakmap': [ '2.0.2' ],
124 silly audit   'is-weakref': [ '1.1.1' ],
124 silly audit   'is-weakset': [ '2.0.4' ],
124 silly audit   isarray: [ '2.0.5' ],
124 silly audit   isexe: [ '2.0.0' ],
124 silly audit   'iterator.prototype': [ '1.1.5' ],
124 silly audit   jiti: [ '2.6.1' ],
124 silly audit   'js-tokens': [ '4.0.0' ],
124 silly audit   'js-yaml': [ '4.1.1' ],
124 silly audit   jsesc: [ '3.1.0' ],
124 silly audit   'json-buffer': [ '3.0.1' ],
124 silly audit   'json-schema-traverse': [ '0.4.1' ],
124 silly audit   'json-stable-stringify-without-jsonify': [ '1.0.1' ],
124 silly audit   json5: [ '2.2.3', '1.0.2' ],
124 silly audit   'jsx-ast-utils': [ '3.3.5' ],
124 silly audit   keyv: [ '4.5.4' ],
124 silly audit   'language-subtag-registry': [ '0.3.23' ],
124 silly audit   'language-tags': [ '1.0.9' ],
124 silly audit   leaflet: [ '1.9.4' ],
124 silly audit   levn: [ '0.4.1' ],
124 silly audit   lightningcss: [ '1.31.1' ],
124 silly audit   'lightningcss-android-arm64': [ '1.31.1' ],
124 silly audit   'lightningcss-darwin-arm64': [ '1.31.1' ],
124 silly audit   'lightningcss-darwin-x64': [ '1.31.1' ],
124 silly audit   'lightningcss-freebsd-x64': [ '1.31.1' ],
124 silly audit   'lightningcss-linux-arm-gnueabihf': [ '1.31.1' ],
124 silly audit   'lightningcss-linux-arm64-gnu': [ '1.31.1' ],
124 silly audit   'lightningcss-linux-arm64-musl': [ '1.31.1' ],
124 silly audit   'lightningcss-linux-x64-gnu': [ '1.31.1' ],
124 silly audit   'lightningcss-linux-x64-musl': [ '1.31.1' ],
124 silly audit   'lightningcss-win32-arm64-msvc': [ '1.31.1' ],
124 silly audit   'lightningcss-win32-x64-msvc': [ '1.31.1' ],
124 silly audit   'locate-path': [ '6.0.0' ],
124 silly audit   'lodash.merge': [ '4.6.2' ],
124 silly audit   'loose-envify': [ '1.4.0' ],
124 silly audit   'lru-cache': [ '5.1.1' ],
124 silly audit   'lucide-react': [ '0.577.0' ],
124 silly audit   'magic-string': [ '0.30.21' ],
124 silly audit   'math-intrinsics': [ '1.1.0' ],
124 silly audit   merge2: [ '1.4.1' ],
124 silly audit   micromatch: [ '4.0.8' ],
124 silly audit   'mime-db': [ '1.52.0' ],
124 silly audit   'mime-types': [ '2.1.35' ],
124 silly audit   minimist: [ '1.2.8' ],
124 silly audit   ms: [ '2.1.3' ],
124 silly audit   nanoid: [ '3.3.11' ],
124 silly audit   'napi-postinstall': [ '0.3.4' ],
124 silly audit   'natural-compare': [ '1.4.0' ],
124 silly audit   next: [ '16.1.6' ],
124 silly audit   'next-themes': [ '0.4.6' ],
124 silly audit   postcss: [ '8.4.31', '8.5.8' ],
124 silly audit   'node-exports-info': [ '1.6.0' ],
124 silly audit   'node-releases': [ '2.0.36' ],
124 silly audit   'object-assign': [ '4.1.1' ],
124 silly audit   'object-inspect': [ '1.13.4' ],
124 silly audit   'object-keys': [ '1.1.1' ],
124 silly audit   'object.assign': [ '4.1.7' ],
124 silly audit   'object.entries': [ '1.1.9' ],
124 silly audit   'object.fromentries': [ '2.0.8' ],
124 silly audit   'object.groupby': [ '1.0.3' ],
124 silly audit   'object.values': [ '1.2.1' ],
124 silly audit   optionator: [ '0.9.4' ],
124 silly audit   'own-keys': [ '1.0.1' ],
124 silly audit   'p-limit': [ '3.1.0' ],
124 silly audit   'p-locate': [ '5.0.0' ],
124 silly audit   'parent-module': [ '1.0.1' ],
124 silly audit   'path-exists': [ '4.0.0' ],
124 silly audit   'path-key': [ '3.1.1' ],
124 silly audit   'path-parse': [ '1.0.7' ],
124 silly audit   picocolors: [ '1.1.1' ],
124 silly audit   picomatch: [ '2.3.1', '4.0.3' ],
124 silly audit   'possible-typed-array-names': [ '1.1.0' ],
124 silly audit   'prelude-ls': [ '1.2.1' ],
124 silly audit   'prop-types': [ '15.8.1' ],
124 silly audit   'proxy-from-env': [ '1.1.0' ],
124 silly audit   punycode: [ '2.3.1' ],
124 silly audit   'queue-microtask': [ '1.2.3' ],
124 silly audit   react: [ '19.2.3' ],
124 silly audit   'react-dom': [ '19.2.3' ],
124 silly audit   'react-hot-toast': [ '2.6.0' ],
124 silly audit   'react-is': [ '16.13.1' ],
124 silly audit   'react-leaflet': [ '5.0.0' ],
124 silly audit   'reflect.getprototypeof': [ '1.0.10' ],
124 silly audit   'regexp.prototype.flags': [ '1.5.4' ],
124 silly audit   'resolve-from': [ '4.0.0' ],
124 silly audit   'resolve-pkg-maps': [ '1.0.0' ],
124 silly audit   reusify: [ '1.1.0' ],
124 silly audit   'run-parallel': [ '1.2.0' ],
124 silly audit   'safe-array-concat': [ '1.1.3' ],
124 silly audit   'safe-push-apply': [ '1.0.0' ],
124 silly audit   'safe-regex-test': [ '1.1.0' ],
124 silly audit   scheduler: [ '0.27.0' ],
124 silly audit   'set-function-length': [ '1.2.2' ],
124 silly audit   'set-function-name': [ '2.0.2' ],
124 silly audit   'set-proto': [ '1.0.0' ],
124 silly audit   sharp: [ '0.34.5' ],
124 silly audit   'shebang-command': [ '2.0.0' ],
124 silly audit   'shebang-regex': [ '3.0.0' ],
124 silly audit   'side-channel': [ '1.1.0' ],
124 silly audit   'side-channel-list': [ '1.0.0' ],
124 silly audit   'side-channel-map': [ '1.0.1' ],
124 silly audit   'side-channel-weakmap': [ '1.0.2' ],
124 silly audit   'socket.io-client': [ '4.8.3' ],
124 silly audit   'socket.io-parser': [ '4.2.5' ],
124 silly audit   'source-map-js': [ '1.2.1' ],
124 silly audit   'stable-hash': [ '0.0.5' ],
124 silly audit   'stop-iteration-iterator': [ '1.1.0' ],
124 silly audit   'string.prototype.includes': [ '2.0.1' ],
124 silly audit   'string.prototype.matchall': [ '4.0.12' ],
124 silly audit   'string.prototype.repeat': [ '1.0.0' ],
124 silly audit   'string.prototype.trim': [ '1.2.10' ],
124 silly audit   'string.prototype.trimend': [ '1.0.9' ],
124 silly audit   'string.prototype.trimstart': [ '1.0.8' ],
124 silly audit   'strip-bom': [ '3.0.0' ],
124 silly audit   'strip-json-comments': [ '3.1.1' ],
124 silly audit   'styled-jsx': [ '5.1.6' ],
124 silly audit   'supports-color': [ '7.2.0' ],
124 silly audit   'supports-preserve-symlinks-flag': [ '1.0.0' ],
124 silly audit   tailwindcss: [ '4.2.1' ],
124 silly audit   tapable: [ '2.3.0' ],
124 silly audit   tinyglobby: [ '0.2.15' ],
124 silly audit   fdir: [ '6.5.0' ],
124 silly audit   'to-regex-range': [ '5.0.1' ],
124 silly audit   'ts-api-utils': [ '2.4.0' ],
124 silly audit   'tsconfig-paths': [ '3.15.0' ],
124 silly audit   tslib: [ '2.8.1' ],
124 silly audit   'type-check': [ '0.4.0' ],
124 silly audit   'typed-array-buffer': [ '1.0.3' ],
124 silly audit   'typed-array-byte-length': [ '1.0.3' ],
124 silly audit   'typed-array-byte-offset': [ '1.0.4' ],
124 silly audit   'typed-array-length': [ '1.0.7' ],
124 silly audit   typescript: [ '5.9.3' ],
124 silly audit   'typescript-eslint': [ '8.56.1' ],
124 silly audit   'unbox-primitive': [ '1.1.0' ],
124 silly audit   'undici-types': [ '6.21.0' ],
124 silly audit   'unrs-resolver': [ '1.11.1' ],
124 silly audit   'update-browserslist-db': [ '1.2.3' ],
124 silly audit   'uri-js': [ '4.4.1' ],
124 silly audit   which: [ '2.0.2' ],
124 silly audit   'which-boxed-primitive': [ '1.1.1' ],
124 silly audit   'which-builtin-type': [ '1.2.1' ],
124 silly audit   'which-collection': [ '1.0.2' ],
124 silly audit   'which-typed-array': [ '1.1.20' ],
124 silly audit   'word-wrap': [ '1.2.5' ],
124 silly audit   ws: [ '8.18.3' ],
124 silly audit   'xmlhttprequest-ssl': [ '2.1.2' ],
124 silly audit   yallist: [ '3.1.1' ],
124 silly audit   'yocto-queue': [ '0.1.0' ],
124 silly audit   zod: [ '4.3.6' ],
124 silly audit   'zod-validation-error': [ '4.0.2' ],
124 silly audit   zustand: [ '5.0.11' ],
124 silly audit   mongoose: [ '8.23.0' ],
124 silly audit   bson: [ '6.10.4' ],
124 silly audit   kareem: [ '2.6.3' ],
124 silly audit   mongodb: [ '6.20.0' ],
124 silly audit   mpath: [ '0.9.0' ],
124 silly audit   mquery: [ '5.0.0' ],
124 silly audit   sift: [ '17.1.3' ],
124 silly audit   '@mongodb-js/saslprep': [ '1.4.6' ],
124 silly audit   'mongodb-connection-string-url': [ '3.0.2' ],
124 silly audit   'sparse-bitfield': [ '3.0.3' ],
124 silly audit   '@types/whatwg-url': [ '11.0.5' ],
124 silly audit   'whatwg-url': [ '14.2.0' ],
124 silly audit   '@types/webidl-conversions': [ '7.0.3' ],
124 silly audit   'memory-pager': [ '1.5.0' ],
124 silly audit   tr46: [ '5.1.1' ],
124 silly audit   'webidl-conversions': [ '7.0.0' ]
124 silly audit }
125 http cache tr46@https://registry.npmjs.org/tr46/-/tr46-5.1.1.tgz 0ms (cache hit)
126 http cache memory-pager@https://registry.npmjs.org/memory-pager/-/memory-pager-1.5.0.tgz 0ms (cache hit)
127 http cache webidl-conversions@https://registry.npmjs.org/webidl-conversions/-/webidl-conversions-7.0.0.tgz 0ms (cache hit)
128 http cache @types/webidl-conversions@https://registry.npmjs.org/@types/webidl-conversions/-/webidl-conversions-7.0.3.tgz 0ms (cache hit)
129 http cache @types/whatwg-url@https://registry.npmjs.org/@types/whatwg-url/-/whatwg-url-11.0.5.tgz 0ms (cache hit)
130 http cache whatwg-url@https://registry.npmjs.org/whatwg-url/-/whatwg-url-14.2.0.tgz 0ms (cache hit)
131 http cache sparse-bitfield@https://registry.npmjs.org/sparse-bitfield/-/sparse-bitfield-3.0.3.tgz 0ms (cache hit)
132 http cache sift@https://registry.npmjs.org/sift/-/sift-17.1.3.tgz 0ms (cache hit)
133 http cache @mongodb-js/saslprep@https://registry.npmjs.org/@mongodb-js/saslprep/-/saslprep-1.4.6.tgz 0ms (cache hit)
134 http cache mongodb-connection-string-url@https://registry.npmjs.org/mongodb-connection-string-url/-/mongodb-connection-string-url-3.0.2.tgz 0ms (cache hit)
135 http cache mquery@https://registry.npmjs.org/mquery/-/mquery-5.0.0.tgz 0ms (cache hit)
136 http cache mongodb@https://registry.npmjs.org/mongodb/-/mongodb-6.20.0.tgz 1ms (cache hit)
137 http cache mpath@https://registry.npmjs.org/mpath/-/mpath-0.9.0.tgz 0ms (cache hit)
138 http cache kareem@https://registry.npmjs.org/kareem/-/kareem-2.6.3.tgz 0ms (cache hit)
139 silly tarball no local data for tr46@https://registry.npmjs.org/tr46/-/tr46-5.1.1.tgz. Extracting by manifest.
140 http cache bson@https://registry.npmjs.org/bson/-/bson-6.10.4.tgz 0ms (cache hit)
141 http cache mongoose@https://registry.npmjs.org/mongoose/-/mongoose-8.23.0.tgz 0ms (cache hit)
142 silly tarball no local data for memory-pager@https://registry.npmjs.org/memory-pager/-/memory-pager-1.5.0.tgz. Extracting by manifest.
143 silly tarball no local data for webidl-conversions@https://registry.npmjs.org/webidl-conversions/-/webidl-conversions-7.0.0.tgz. Extracting by manifest.
144 silly tarball no local data for @types/webidl-conversions@https://registry.npmjs.org/@types/webidl-conversions/-/webidl-conversions-7.0.3.tgz. Extracting by manifest.
145 silly tarball no local data for @types/whatwg-url@https://registry.npmjs.org/@types/whatwg-url/-/whatwg-url-11.0.5.tgz. Extracting by manifest.
146 silly tarball no local data for whatwg-url@https://registry.npmjs.org/whatwg-url/-/whatwg-url-14.2.0.tgz. Extracting by manifest.
147 silly tarball no local data for sparse-bitfield@https://registry.npmjs.org/sparse-bitfield/-/sparse-bitfield-3.0.3.tgz. Extracting by manifest.
148 silly tarball no local data for sift@https://registry.npmjs.org/sift/-/sift-17.1.3.tgz. Extracting by manifest.
149 silly tarball no local data for @mongodb-js/saslprep@https://registry.npmjs.org/@mongodb-js/saslprep/-/saslprep-1.4.6.tgz. Extracting by manifest.
150 silly tarball no local data for mongodb-connection-string-url@https://registry.npmjs.org/mongodb-connection-string-url/-/mongodb-connection-string-url-3.0.2.tgz. Extracting by manifest.
151 silly tarball no local data for mquery@https://registry.npmjs.org/mquery/-/mquery-5.0.0.tgz. Extracting by manifest.
152 silly tarball no local data for mongodb@https://registry.npmjs.org/mongodb/-/mongodb-6.20.0.tgz. Extracting by manifest.
153 silly tarball no local data for mpath@https://registry.npmjs.org/mpath/-/mpath-0.9.0.tgz. Extracting by manifest.
154 silly tarball no local data for kareem@https://registry.npmjs.org/kareem/-/kareem-2.6.3.tgz. Extracting by manifest.
155 silly tarball no local data for bson@https://registry.npmjs.org/bson/-/bson-6.10.4.tgz. Extracting by manifest.
156 silly tarball no local data for mongoose@https://registry.npmjs.org/mongoose/-/mongoose-8.23.0.tgz. Extracting by manifest.
157 http fetch POST 200 https://registry.npmjs.org/-/npm/v1/security/advisories/bulk 319ms
158 silly audit report {
158 silly audit report   'brace-expansion': [
158 silly audit report     {
158 silly audit report       id: 1115540,
158 silly audit report       url: 'https://github.com/advisories/GHSA-f886-m6hf-6m8v',
158 silly audit report       title: 'brace-expansion: Zero-step sequence causes process hang and memory exhaustion',
158 silly audit report       severity: 'moderate',
158 silly audit report       vulnerable_versions: '<1.1.13',
158 silly audit report       cwe: [Array],
158 silly audit report       cvss: [Object]
158 silly audit report     },
158 silly audit report     {
158 silly audit report       id: 1115543,
158 silly audit report       url: 'https://github.com/advisories/GHSA-f886-m6hf-6m8v',
158 silly audit report       title: 'brace-expansion: Zero-step sequence causes process hang and memory exhaustion',
158 silly audit report       severity: 'moderate',
158 silly audit report       vulnerable_versions: '>=4.0.0 <5.0.5',
158 silly audit report       cwe: [Array],
158 silly audit report       cvss: [Object]
158 silly audit report     }
158 silly audit report   ],
158 silly audit report   flatted: [
158 silly audit report     {
158 silly audit report       id: 1114526,
158 silly audit report       url: 'https://github.com/advisories/GHSA-25h7-pfq9-p65f',
158 silly audit report       title: 'flatted vulnerable to unbounded recursion DoS in parse() revive phase',
158 silly audit report       severity: 'high',
158 silly audit report       vulnerable_versions: '<3.4.0',
158 silly audit report       cwe: [Array],
158 silly audit report       cvss: [Object]
158 silly audit report     },
158 silly audit report     {
158 silly audit report       id: 1115357,
158 silly audit report       url: 'https://github.com/advisories/GHSA-rf6f-7fwh-wjgh',
158 silly audit report       title: 'Prototype Pollution via parse() in NodeJS flatted',
158 silly audit report       severity: 'high',
158 silly audit report       vulnerable_versions: '<=3.4.1',
158 silly audit report       cwe: [Array],
158 silly audit report       cvss: [Object]
158 silly audit report     }
158 silly audit report   ],
158 silly audit report   next: [
158 silly audit report     {
158 silly audit report       id: 1114898,
158 silly audit report       url: 'https://github.com/advisories/GHSA-ggv3-7p47-pfv8',
158 silly audit report       title: 'Next.js: HTTP request smuggling in rewrites',
158 silly audit report       severity: 'moderate',
158 silly audit report       vulnerable_versions: '>=16.0.0-beta.0 <16.1.7',
158 silly audit report       cwe: [Array],
158 silly audit report       cvss: [Object]
158 silly audit report     },
158 silly audit report     {
158 silly audit report       id: 1114941,
158 silly audit report       url: 'https://github.com/advisories/GHSA-3x4c-7xq6-9pq8',
158 silly audit report       title: 'Next.js: Unbounded next/image disk cache growth can exhaust storage',
158 silly audit report       severity: 'moderate',
158 silly audit report       vulnerable_versions: '>=16.0.0-beta.0 <16.1.7',
158 silly audit report       cwe: [Array],
158 silly audit report       cvss: [Object]
158 silly audit report     },
158 silly audit report     {
158 silly audit report       id: 1114942,
158 silly audit report       url: 'https://github.com/advisories/GHSA-h27x-g6w4-24gq',
158 silly audit report       title: 'Next.js: Unbounded postponed resume buffering can lead to DoS',
158 silly audit report       severity: 'moderate',
158 silly audit report       vulnerable_versions: '>=16.0.1 <16.1.7',
158 silly audit report       cwe: [Array],
158 silly audit report       cvss: [Object]
158 silly audit report     },
158 silly audit report     {
158 silly audit report       id: 1114943,
158 silly audit report       url: 'https://github.com/advisories/GHSA-mq59-m269-xvcx',
158 silly audit report       title: 'Next.js: null origin can bypass Server Actions CSRF checks',
158 silly audit report       severity: 'moderate',
158 silly audit report       vulnerable_versions: '>=16.0.1 <16.1.7',
158 silly audit report       cwe: [Array],
158 silly audit report       cvss: [Object]
158 silly audit report     },
158 silly audit report     {
158 silly audit report       id: 1115360,
158 silly audit report       url: 'https://github.com/advisories/GHSA-jcc7-9wpm-mj36',
158 silly audit report       title: 'Next.js: null origin can bypass dev HMR websocket CSRF checks',
158 silly audit report       severity: 'low',
158 silly audit report       vulnerable_versions: '>=16.0.1 <16.1.7',
158 silly audit report       cwe: [Array],
158 silly audit report       cvss: [Object]
158 silly audit report     }
158 silly audit report   ],
158 silly audit report   picomatch: [
158 silly audit report     {
158 silly audit report       id: 1115549,
158 silly audit report       url: 'https://github.com/advisories/GHSA-3v7f-55p6-f55p',
158 silly audit report       title: 'Picomatch: Method Injection in POSIX Character Classes causes incorrect Glob Matching',
158 silly audit report       severity: 'moderate',
158 silly audit report       vulnerable_versions: '<2.3.2',
158 silly audit report       cwe: [Array],
158 silly audit report       cvss: [Object]
158 silly audit report     },
158 silly audit report     {
158 silly audit report       id: 1115551,
158 silly audit report       url: 'https://github.com/advisories/GHSA-3v7f-55p6-f55p',
158 silly audit report       title: 'Picomatch: Method Injection in POSIX Character Classes causes incorrect Glob Matching',
158 silly audit report       severity: 'moderate',
158 silly audit report       vulnerable_versions: '>=4.0.0 <4.0.4',
158 silly audit report       cwe: [Array],
158 silly audit report       cvss: [Object]
158 silly audit report     },
158 silly audit report     {
158 silly audit report       id: 1115552,
158 silly audit report       url: 'https://github.com/advisories/GHSA-c2c7-rcm5-vvqj',
158 silly audit report       title: 'Picomatch has a ReDoS vulnerability via extglob quantifiers',
158 silly audit report       severity: 'high',
158 silly audit report       vulnerable_versions: '<2.3.2',
158 silly audit report       cwe: [Array],
158 silly audit report       cvss: [Object]
158 silly audit report     },
158 silly audit report     {
158 silly audit report       id: 1115554,
158 silly audit report       url: 'https://github.com/advisories/GHSA-c2c7-rcm5-vvqj',
158 silly audit report       title: 'Picomatch has a ReDoS vulnerability via extglob quantifiers',
158 silly audit report       severity: 'high',
158 silly audit report       vulnerable_versions: '>=4.0.0 <4.0.4',
158 silly audit report       cwe: [Array],
158 silly audit report       cvss: [Object]
158 silly audit report     }
158 silly audit report   ],
158 silly audit report   'socket.io-parser': [
158 silly audit report     {
158 silly audit report       id: 1115154,
158 silly audit report       url: 'https://github.com/advisories/GHSA-677m-j7p3-52f9',
158 silly audit report       title: 'socket.io allows an unbounded number of binary attachments',
158 silly audit report       severity: 'high',
158 silly audit report       vulnerable_versions: '>=4.0.0 <4.2.6',
158 silly audit report       cwe: [Array],
158 silly audit report       cvss: [Object]
158 silly audit report     }
158 silly audit report   ]
158 silly audit report }
159 silly packumentCache corgi:https://registry.npmjs.org/brace-expansion cache-miss
160 silly packumentCache corgi:https://registry.npmjs.org/flatted cache-miss
161 silly packumentCache corgi:https://registry.npmjs.org/next cache-miss
162 silly packumentCache corgi:https://registry.npmjs.org/picomatch cache-miss
163 silly packumentCache corgi:https://registry.npmjs.org/socket.io-parser cache-miss
164 http fetch GET 200 https://registry.npmjs.org/memory-pager/-/memory-pager-1.5.0.tgz 344ms (cache miss)
165 http fetch GET 200 https://registry.npmjs.org/webidl-conversions/-/webidl-conversions-7.0.0.tgz 364ms (cache miss)
166 http fetch GET 200 https://registry.npmjs.org/sparse-bitfield/-/sparse-bitfield-3.0.3.tgz 559ms (cache miss)
167 http fetch GET 200 https://registry.npmjs.org/@types/webidl-conversions/-/webidl-conversions-7.0.3.tgz 765ms (cache miss)
168 http fetch GET 200 https://registry.npmjs.org/brace-expansion 492ms (cache miss)
169 silly packumentCache corgi:https://registry.npmjs.org/brace-expansion set size:undefined disposed:false
170 http fetch GET 200 https://registry.npmjs.org/socket.io-parser 588ms (cache miss)
171 silly packumentCache corgi:https://registry.npmjs.org/socket.io-parser set size:undefined disposed:false
172 http fetch GET 200 https://registry.npmjs.org/tr46/-/tr46-5.1.1.tgz 933ms (cache miss)
173 http fetch GET 200 https://registry.npmjs.org/picomatch 652ms (cache miss)
174 silly packumentCache corgi:https://registry.npmjs.org/picomatch set size:undefined disposed:false
175 http fetch GET 200 https://registry.npmjs.org/kareem/-/kareem-2.6.3.tgz 950ms (cache miss)
176 http fetch GET 200 https://registry.npmjs.org/flatted 700ms (cache miss)
177 silly packumentCache corgi:https://registry.npmjs.org/flatted set size:undefined disposed:false
178 http fetch GET 200 https://registry.npmjs.org/@types/whatwg-url/-/whatwg-url-11.0.5.tgz 1013ms (cache miss)
179 http fetch GET 200 https://registry.npmjs.org/mongodb-connection-string-url/-/mongodb-connection-string-url-3.0.2.tgz 1011ms (cache miss)
180 http fetch GET 200 https://registry.npmjs.org/mpath/-/mpath-0.9.0.tgz 1028ms (cache miss)
181 http fetch GET 200 https://registry.npmjs.org/whatwg-url/-/whatwg-url-14.2.0.tgz 1212ms (cache miss)
182 http fetch GET 200 https://registry.npmjs.org/mquery/-/mquery-5.0.0.tgz 1210ms (cache miss)
183 http fetch GET 200 https://registry.npmjs.org/sift/-/sift-17.1.3.tgz 1374ms (cache miss)
184 http fetch GET 200 https://registry.npmjs.org/@mongodb-js/saslprep/-/saslprep-1.4.6.tgz 1492ms (cache miss)
185 http fetch GET 200 https://registry.npmjs.org/bson/-/bson-6.10.4.tgz 2141ms (cache miss)
186 http fetch GET 200 https://registry.npmjs.org/next 2081ms (cache miss)
187 silly packumentCache corgi:https://registry.npmjs.org/next set size:undefined disposed:false
188 silly packumentCache corgi:https://registry.npmjs.org/minimatch cache-miss
189 http fetch GET 200 https://registry.npmjs.org/minimatch 47ms (cache miss)
190 silly packumentCache corgi:https://registry.npmjs.org/minimatch set size:undefined disposed:false
191 silly packumentCache corgi:https://registry.npmjs.org/flat-cache cache-miss
192 http fetch GET 200 https://registry.npmjs.org/flat-cache 44ms (cache miss)
193 silly packumentCache corgi:https://registry.npmjs.org/flat-cache set size:undefined disposed:false
194 silly packumentCache corgi:https://registry.npmjs.org/micromatch cache-miss
195 http fetch GET 200 https://registry.npmjs.org/micromatch 60ms (cache miss)
196 silly packumentCache corgi:https://registry.npmjs.org/micromatch set size:undefined disposed:false
197 silly packumentCache corgi:https://registry.npmjs.org/tinyglobby cache-miss
198 silly packumentCache corgi:https://registry.npmjs.org/fdir cache-miss
199 http fetch GET 200 https://registry.npmjs.org/fdir 60ms (cache miss)
200 silly packumentCache corgi:https://registry.npmjs.org/fdir set size:undefined disposed:false
201 http fetch GET 200 https://registry.npmjs.org/tinyglobby 108ms (cache miss)
202 silly packumentCache corgi:https://registry.npmjs.org/tinyglobby set size:undefined disposed:false
203 silly packumentCache corgi:https://registry.npmjs.org/socket.io-client cache-miss
204 http fetch GET 200 https://registry.npmjs.org/socket.io-client 43ms (cache miss)
205 silly packumentCache corgi:https://registry.npmjs.org/socket.io-client set size:undefined disposed:false
206 http fetch GET 200 https://registry.npmjs.org/mongoose/-/mongoose-8.23.0.tgz 4338ms (cache miss)
207 http fetch GET 200 https://registry.npmjs.org/mongodb/-/mongodb-6.20.0.tgz 4968ms (cache miss)
208 silly ADD node_modules/webidl-conversions
209 silly ADD node_modules/tr46
210 silly ADD node_modules/memory-pager
211 silly ADD node_modules/@types/webidl-conversions
212 silly ADD node_modules/whatwg-url
213 silly ADD node_modules/@types/whatwg-url
214 silly ADD node_modules/sparse-bitfield
215 silly ADD node_modules/mongodb-connection-string-url
216 silly ADD node_modules/@mongodb-js/saslprep
217 silly ADD node_modules/sift
218 silly ADD node_modules/mquery
219 silly ADD node_modules/mpath
220 silly ADD node_modules/mongodb
221 silly ADD node_modules/kareem
222 silly ADD node_modules/bson
223 silly ADD node_modules/mongoose
224 verbose cwd C:\Users\rasha\OneDrive\Documents\go ride 2\frontend
225 verbose os Windows_NT 10.0.26200
226 verbose node v22.17.0
227 verbose npm  v11.7.0
228 notice
228 notice New minor version of npm available! 11.7.0 -> 11.12.1
228 notice Changelog: https://github.com/npm/cli/releases/tag/v11.12.1
228 notice To update run: npm install -g npm@11.12.1
228 notice  { force: true, [Symbol(proc-log.meta)]: true }
229 verbose exit 0
230 info ok
